{"/home/travis/build/npmtest/node-npmtest-node-pushserver/test.js":{"path":"/home/travis/build/npmtest/node-npmtest-node-pushserver/test.js","s":{"1":2,"2":2,"3":2,"4":2,"5":2,"6":2,"7":2,"8":1,"9":2,"10":2,"11":1,"12":1,"13":1,"14":1,"15":2,"16":2,"17":2,"18":2,"19":1,"20":1,"21":2,"22":2,"23":2,"24":1,"25":1,"26":1,"27":1,"28":1,"29":1,"30":1,"31":1,"32":1,"33":1,"34":1,"35":1,"36":1,"37":1,"38":1,"39":2,"40":2,"41":1,"42":2,"43":2,"44":1,"45":2,"46":2,"47":1,"48":2,"49":2,"50":1,"51":1,"52":1,"53":1,"54":1},"b":{"1":[2,1,1,1],"2":[1,1,1,1],"3":[1,1],"4":[1,1],"5":[1,1],"6":[1,1],"7":[1,1],"8":[1,1],"9":[1,1],"10":[1,1,1],"11":[1,1],"12":[1,1],"13":[1,1],"14":[1,1],"15":[1,1],"16":[1,1],"17":[1,1]},"f":{"1":2,"2":2,"3":2,"4":2,"5":2,"6":1,"7":1,"8":1,"9":2,"10":2,"11":2,"12":2,"13":1},"fnMap":{"1":{"name":"(anonymous_1)","line":12,"loc":{"start":{"line":12,"column":1},"end":{"line":12,"column":13}}},"2":{"name":"(anonymous_2)","line":19,"loc":{"start":{"line":19,"column":5},"end":{"line":19,"column":17}}},"3":{"name":"(anonymous_3)","line":23,"loc":{"start":{"line":23,"column":24},"end":{"line":23,"column":36}}},"4":{"name":"(anonymous_4)","line":61,"loc":{"start":{"line":61,"column":5},"end":{"line":61,"column":17}}},"5":{"name":"(anonymous_5)","line":82,"loc":{"start":{"line":82,"column":5},"end":{"line":82,"column":17}}},"6":{"name":"(anonymous_6)","line":91,"loc":{"start":{"line":91,"column":77},"end":{"line":94,"column":10}}},"7":{"name":"(anonymous_7)","line":112,"loc":{"start":{"line":112,"column":83},"end":{"line":115,"column":10}},"skip":true},"8":{"name":"(anonymous_8)","line":123,"loc":{"start":{"line":123,"column":77},"end":{"line":126,"column":10}},"skip":true},"9":{"name":"(anonymous_9)","line":139,"loc":{"start":{"line":139,"column":12},"end":{"line":139,"column":40}},"skip":true},"10":{"name":"(anonymous_10)","line":147,"loc":{"start":{"line":147,"column":77},"end":{"line":150,"column":10}},"skip":true},"11":{"name":"(anonymous_11)","line":158,"loc":{"start":{"line":158,"column":83},"end":{"line":161,"column":10}},"skip":true},"12":{"name":"(anonymous_12)","line":169,"loc":{"start":{"line":169,"column":79},"end":{"line":172,"column":10}},"skip":true},"13":{"name":"(anonymous_13)","line":180,"loc":{"start":{"line":180,"column":75},"end":{"line":183,"column":10}},"skip":true}},"statementMap":{"1":{"start":{"line":12,"column":0},"end":{"line":195,"column":5}},"2":{"start":{"line":14,"column":4},"end":{"line":14,"column":14}},"3":{"start":{"line":19,"column":4},"end":{"line":56,"column":9}},"4":{"start":{"line":21,"column":8},"end":{"line":21,"column":19}},"5":{"start":{"line":23,"column":8},"end":{"line":35,"column":13}},"6":{"start":{"line":24,"column":12},"end":{"line":34,"column":13}},"7":{"start":{"line":25,"column":16},"end":{"line":28,"column":30}},"8":{"start":{"line":30,"column":16},"end":{"line":33,"column":27}},"9":{"start":{"line":37,"column":8},"end":{"line":39,"column":21}},"10":{"start":{"line":40,"column":8},"end":{"line":53,"column":9}},"11":{"start":{"line":43,"column":12},"end":{"line":46,"column":14}},"12":{"start":{"line":47,"column":12},"end":{"line":47,"column":18}},"13":{"start":{"line":50,"column":12},"end":{"line":51,"column":46}},"14":{"start":{"line":52,"column":12},"end":{"line":52,"column":18}},"15":{"start":{"line":55,"column":8},"end":{"line":55,"column":35}},"16":{"start":{"line":61,"column":4},"end":{"line":63,"column":9}},"17":{"start":{"line":62,"column":8},"end":{"line":62,"column":15}},"18":{"start":{"line":64,"column":4},"end":{"line":77,"column":5}},"19":{"start":{"line":70,"column":8},"end":{"line":70,"column":14}},"20":{"start":{"line":76,"column":8},"end":{"line":76,"column":14}},"21":{"start":{"line":82,"column":4},"end":{"line":84,"column":9}},"22":{"start":{"line":83,"column":8},"end":{"line":83,"column":15}},"23":{"start":{"line":85,"column":4},"end":{"line":194,"column":5}},"24":{"start":{"line":91,"column":8},"end":{"line":99,"column":10}},"25":{"start":{"line":98,"column":12},"end":{"line":98,"column":35}},"26":{"start":{"line":102,"column":8},"end":{"line":104,"column":63}},"27":{"start":{"line":105,"column":8},"end":{"line":105,"column":14}},"28":{"start":{"line":112,"column":8},"end":{"line":121,"column":10},"skip":true},"29":{"start":{"line":119,"column":12},"end":{"line":119,"column":55},"skip":true},"30":{"start":{"line":120,"column":12},"end":{"line":120,"column":48},"skip":true},"31":{"start":{"line":123,"column":8},"end":{"line":136,"column":10},"skip":true},"32":{"start":{"line":130,"column":12},"end":{"line":130,"column":76},"skip":true},"33":{"start":{"line":131,"column":12},"end":{"line":131,"column":73},"skip":true},"34":{"start":{"line":132,"column":12},"end":{"line":132,"column":74},"skip":true},"35":{"start":{"line":133,"column":12},"end":{"line":133,"column":79},"skip":true},"36":{"start":{"line":134,"column":12},"end":{"line":134,"column":25},"skip":true},"37":{"start":{"line":135,"column":12},"end":{"line":135,"column":45},"skip":true},"38":{"start":{"line":138,"column":8},"end":{"line":145,"column":14},"skip":true},"39":{"start":{"line":143,"column":16},"end":{"line":143,"column":29},"skip":true},"40":{"start":{"line":144,"column":16},"end":{"line":144,"column":55},"skip":true},"41":{"start":{"line":147,"column":8},"end":{"line":156,"column":10},"skip":true},"42":{"start":{"line":154,"column":12},"end":{"line":154,"column":25},"skip":true},"43":{"start":{"line":155,"column":12},"end":{"line":155,"column":45},"skip":true},"44":{"start":{"line":158,"column":8},"end":{"line":167,"column":10},"skip":true},"45":{"start":{"line":165,"column":12},"end":{"line":165,"column":25},"skip":true},"46":{"start":{"line":166,"column":12},"end":{"line":166,"column":48},"skip":true},"47":{"start":{"line":169,"column":8},"end":{"line":178,"column":10},"skip":true},"48":{"start":{"line":176,"column":12},"end":{"line":176,"column":25},"skip":true},"49":{"start":{"line":177,"column":12},"end":{"line":177,"column":46},"skip":true},"50":{"start":{"line":180,"column":8},"end":{"line":189,"column":10},"skip":true},"51":{"start":{"line":187,"column":12},"end":{"line":187,"column":94},"skip":true},"52":{"start":{"line":188,"column":12},"end":{"line":188,"column":48},"skip":true},"53":{"start":{"line":192,"column":8},"end":{"line":192,"column":35},"skip":true},"54":{"start":{"line":193,"column":8},"end":{"line":193,"column":14},"skip":true}},"branchMap":{"1":{"line":25,"type":"binary-expr","locations":[{"start":{"line":25,"column":23},"end":{"line":25,"column":62}},{"start":{"line":26,"column":20},"end":{"line":26,"column":70}},{"start":{"line":27,"column":20},"end":{"line":27,"column":71}},{"start":{"line":28,"column":20},"end":{"line":28,"column":29}}]},"2":{"line":30,"type":"binary-expr","locations":[{"start":{"line":30,"column":23},"end":{"line":30,"column":37}},{"start":{"line":31,"column":20},"end":{"line":31,"column":61}},{"start":{"line":32,"column":20},"end":{"line":32,"column":70}},{"start":{"line":33,"column":20},"end":{"line":33,"column":26}}]},"3":{"line":37,"type":"cond-expr","locations":[{"start":{"line":38,"column":14},"end":{"line":38,"column":20}},{"start":{"line":39,"column":14},"end":{"line":39,"column":20}}]},"4":{"line":40,"type":"switch","locations":[{"start":{"line":42,"column":8},"end":{"line":47,"column":18}},{"start":{"line":49,"column":8},"end":{"line":52,"column":18}}]},"5":{"line":44,"type":"binary-expr","locations":[{"start":{"line":44,"column":16},"end":{"line":44,"column":44}},{"start":{"line":44,"column":48},"end":{"line":44,"column":66}}]},"6":{"line":50,"type":"binary-expr","locations":[{"start":{"line":50,"column":21},"end":{"line":50,"column":49}},{"start":{"line":50,"column":53},"end":{"line":50,"column":72}}]},"7":{"line":64,"type":"switch","locations":[{"start":{"line":69,"column":4},"end":{"line":70,"column":14}},{"start":{"line":75,"column":4},"end":{"line":76,"column":14}}]},"8":{"line":85,"type":"switch","locations":[{"start":{"line":90,"column":4},"end":{"line":105,"column":14}},{"start":{"line":111,"column":4},"end":{"line":193,"column":14},"skip":true}]},"9":{"line":91,"type":"binary-expr","locations":[{"start":{"line":91,"column":42},"end":{"line":91,"column":73}},{"start":{"line":91,"column":77},"end":{"line":99,"column":9}}]},"10":{"line":102,"type":"binary-expr","locations":[{"start":{"line":102,"column":18},"end":{"line":102,"column":32}},{"start":{"line":103,"column":12},"end":{"line":103,"column":53}},{"start":{"line":104,"column":12},"end":{"line":104,"column":61}}]},"11":{"line":112,"type":"binary-expr","locations":[{"start":{"line":112,"column":45},"end":{"line":112,"column":79},"skip":true},{"start":{"line":112,"column":83},"end":{"line":121,"column":9},"skip":true}]},"12":{"line":123,"type":"binary-expr","locations":[{"start":{"line":123,"column":42},"end":{"line":123,"column":73},"skip":true},{"start":{"line":123,"column":77},"end":{"line":136,"column":9},"skip":true}]},"13":{"line":138,"type":"binary-expr","locations":[{"start":{"line":138,"column":48},"end":{"line":138,"column":85},"skip":true},{"start":{"line":139,"column":12},"end":{"line":145,"column":13},"skip":true}]},"14":{"line":147,"type":"binary-expr","locations":[{"start":{"line":147,"column":42},"end":{"line":147,"column":73},"skip":true},{"start":{"line":147,"column":77},"end":{"line":156,"column":9},"skip":true}]},"15":{"line":158,"type":"binary-expr","locations":[{"start":{"line":158,"column":45},"end":{"line":158,"column":79},"skip":true},{"start":{"line":158,"column":83},"end":{"line":167,"column":9},"skip":true}]},"16":{"line":169,"type":"binary-expr","locations":[{"start":{"line":169,"column":43},"end":{"line":169,"column":75},"skip":true},{"start":{"line":169,"column":79},"end":{"line":178,"column":9},"skip":true}]},"17":{"line":180,"type":"binary-expr","locations":[{"start":{"line":180,"column":41},"end":{"line":180,"column":71},"skip":true},{"start":{"line":180,"column":75},"end":{"line":189,"column":9},"skip":true}]}},"code":["/* istanbul instrument in package npmtest_node_pushserver */","/*jslint","    bitwise: true,","    browser: true,","    maxerr: 8,","    maxlen: 96,","    node: true,","    nomen: true,","    regexp: true,","    stupid: true","*/","(function () {","    'use strict';","    var local;","","","","    // run shared js-env code - pre-init","    (function () {","        // init local","        local = {};","        // init modeJs","        local.modeJs = (function () {","            try {","                return typeof navigator.userAgent === 'string' &&","                    typeof document.querySelector('body') === 'object' &&","                    typeof XMLHttpRequest.prototype.open === 'function' &&","                    'browser';","            } catch (errorCaughtBrowser) {","                return module.exports &&","                    typeof process.versions.node === 'string' &&","                    typeof require('http').createServer === 'function' &&","                    'node';","            }","        }());","        // init global","        local.global = local.modeJs === 'browser'","            ? window","            : global;","        switch (local.modeJs) {","        // re-init local from window.local","        case 'browser':","            local = local.global.utility2.objectSetDefault(","                local.global.utility2_rollup || local.global.local,","                local.global.utility2","            );","            break;","        // re-init local from example.js","        case 'node':","            local = (local.global.utility2_rollup || require('utility2'))","                .requireExampleJsFromReadme();","            break;","        }","        // export local","        local.global.local = local;","    }());","","","","    // run shared js-env code - function","    (function () {","        return;","    }());","    switch (local.modeJs) {","","","","    // run browser js-env code - function","    case 'browser':","        break;","","","","    // run node js-env code - function","    case 'node':","        break;","    }","","","","    // run shared js-env code - post-init","    (function () {","        return;","    }());","    switch (local.modeJs) {","","","","    // run browser js-env code - post-init","    case 'browser':","        local.testCase_browser_nullCase = local.testCase_browser_nullCase || function (","            options,","            onError","        ) {","        /*","         * this function will test browsers's null-case handling-behavior-behavior","         */","            onError(null, options);","        };","","        // run tests","        local.nop(local.modeTest &&","            document.querySelector('#testRunButton1') &&","            document.querySelector('#testRunButton1').click());","        break;","","","","    // run node js-env code - post-init","    /* istanbul ignore next */","    case 'node':","        local.testCase_buildApidoc_default = local.testCase_buildApidoc_default || function (","            options,","            onError","        ) {","        /*","         * this function will test buildApidoc's default handling-behavior-behavior","         */","            options = { modulePathList: module.paths };","            local.buildApidoc(options, onError);","        };","","        local.testCase_buildApp_default = local.testCase_buildApp_default || function (","            options,","            onError","        ) {","        /*","         * this function will test buildApp's default handling-behavior-behavior","         */","            local.testCase_buildReadme_default(options, local.onErrorThrow);","            local.testCase_buildLib_default(options, local.onErrorThrow);","            local.testCase_buildTest_default(options, local.onErrorThrow);","            local.testCase_buildCustomOrg_default(options, local.onErrorThrow);","            options = [];","            local.buildApp(options, onError);","        };","","        local.testCase_buildCustomOrg_default = local.testCase_buildCustomOrg_default ||","            function (options, onError) {","            /*","             * this function will test buildCustomOrg's default handling-behavior","             */","                options = {};","                local.buildCustomOrg(options, onError);","            };","","        local.testCase_buildLib_default = local.testCase_buildLib_default || function (","            options,","            onError","        ) {","        /*","         * this function will test buildLib's default handling-behavior","         */","            options = {};","            local.buildLib(options, onError);","        };","","        local.testCase_buildReadme_default = local.testCase_buildReadme_default || function (","            options,","            onError","        ) {","        /*","         * this function will test buildReadme's default handling-behavior-behavior","         */","            options = {};","            local.buildReadme(options, onError);","        };","","        local.testCase_buildTest_default = local.testCase_buildTest_default || function (","            options,","            onError","        ) {","        /*","         * this function will test buildTest's default handling-behavior","         */","            options = {};","            local.buildTest(options, onError);","        };","","        local.testCase_webpage_default = local.testCase_webpage_default || function (","            options,","            onError","        ) {","        /*","         * this function will test webpage's default handling-behavior","         */","            options = { modeCoverageMerge: true, url: local.serverLocalHost + '?modeTest=1' };","            local.browserTest(options, onError);","        };","","        // run test-server","        local.testRunServer(local);","        break;","    }","}());",""],"l":{"12":2,"14":2,"19":2,"21":2,"23":2,"24":2,"25":2,"30":1,"37":2,"40":2,"43":1,"47":1,"50":1,"52":1,"55":2,"61":2,"62":2,"64":2,"70":1,"76":1,"82":2,"83":2,"85":2,"91":1,"98":1,"102":1,"105":1,"112":1,"119":1,"120":1,"123":1,"130":1,"131":1,"132":1,"133":1,"134":1,"135":1,"138":1,"143":2,"144":2,"147":1,"154":2,"155":2,"158":1,"165":2,"166":2,"169":1,"176":2,"177":2,"180":1,"187":1,"188":1,"192":1,"193":1}},"/home/travis/build/npmtest/node-npmtest-node-pushserver/lib.npmtest_node_pushserver.js":{"path":"/home/travis/build/npmtest/node-npmtest-node-pushserver/lib.npmtest_node_pushserver.js","s":{"1":2,"2":2,"3":2,"4":2,"5":2,"6":2,"7":2,"8":1,"9":2,"10":2,"11":2,"12":2,"13":1,"14":1,"15":1,"16":1},"b":{"1":[2,1,1,1],"2":[1,1,1,1],"3":[1,1],"4":[2,2],"5":[1,1]},"f":{"1":2,"2":2,"3":2},"fnMap":{"1":{"name":"(anonymous_1)","line":12,"loc":{"start":{"line":12,"column":1},"end":{"line":12,"column":13}}},"2":{"name":"(anonymous_2)","line":19,"loc":{"start":{"line":19,"column":5},"end":{"line":19,"column":17}}},"3":{"name":"(anonymous_3)","line":23,"loc":{"start":{"line":23,"column":24},"end":{"line":23,"column":36}}}},"statementMap":{"1":{"start":{"line":12,"column":0},"end":{"line":53,"column":5}},"2":{"start":{"line":14,"column":4},"end":{"line":14,"column":14}},"3":{"start":{"line":19,"column":4},"end":{"line":52,"column":9}},"4":{"start":{"line":21,"column":8},"end":{"line":21,"column":19}},"5":{"start":{"line":23,"column":8},"end":{"line":35,"column":13}},"6":{"start":{"line":24,"column":12},"end":{"line":34,"column":13}},"7":{"start":{"line":25,"column":16},"end":{"line":28,"column":30}},"8":{"start":{"line":30,"column":16},"end":{"line":33,"column":27}},"9":{"start":{"line":37,"column":8},"end":{"line":39,"column":21}},"10":{"start":{"line":41,"column":8},"end":{"line":41,"column":54}},"11":{"start":{"line":43,"column":8},"end":{"line":43,"column":60}},"12":{"start":{"line":45,"column":8},"end":{"line":51,"column":9}},"13":{"start":{"line":46,"column":12},"end":{"line":46,"column":66}},"14":{"start":{"line":48,"column":12},"end":{"line":48,"column":35}},"15":{"start":{"line":49,"column":12},"end":{"line":49,"column":49}},"16":{"start":{"line":50,"column":12},"end":{"line":50,"column":43}}},"branchMap":{"1":{"line":25,"type":"binary-expr","locations":[{"start":{"line":25,"column":23},"end":{"line":25,"column":62}},{"start":{"line":26,"column":20},"end":{"line":26,"column":70}},{"start":{"line":27,"column":20},"end":{"line":27,"column":71}},{"start":{"line":28,"column":20},"end":{"line":28,"column":29}}]},"2":{"line":30,"type":"binary-expr","locations":[{"start":{"line":30,"column":23},"end":{"line":30,"column":37}},{"start":{"line":31,"column":20},"end":{"line":31,"column":61}},{"start":{"line":32,"column":20},"end":{"line":32,"column":70}},{"start":{"line":33,"column":20},"end":{"line":33,"column":26}}]},"3":{"line":37,"type":"cond-expr","locations":[{"start":{"line":38,"column":14},"end":{"line":38,"column":20}},{"start":{"line":39,"column":14},"end":{"line":39,"column":20}}]},"4":{"line":41,"type":"binary-expr","locations":[{"start":{"line":41,"column":16},"end":{"line":41,"column":44}},{"start":{"line":41,"column":48},"end":{"line":41,"column":53}}]},"5":{"line":45,"type":"if","locations":[{"start":{"line":45,"column":8},"end":{"line":45,"column":8}},{"start":{"line":45,"column":8},"end":{"line":45,"column":8}}]}},"code":["/* istanbul instrument in package npmtest_node_pushserver */","/*jslint","    bitwise: true,","    browser: true,","    maxerr: 8,","    maxlen: 96,","    node: true,","    nomen: true,","    regexp: true,","    stupid: true","*/","(function () {","    'use strict';","    var local;","","","","    // run shared js-env code - pre-init","    (function () {","        // init local","        local = {};","        // init modeJs","        local.modeJs = (function () {","            try {","                return typeof navigator.userAgent === 'string' &&","                    typeof document.querySelector('body') === 'object' &&","                    typeof XMLHttpRequest.prototype.open === 'function' &&","                    'browser';","            } catch (errorCaughtBrowser) {","                return module.exports &&","                    typeof process.versions.node === 'string' &&","                    typeof require('http').createServer === 'function' &&","                    'node';","            }","        }());","        // init global","        local.global = local.modeJs === 'browser'","            ? window","            : global;","        // init utility2_rollup","        local = local.global.utility2_rollup || local;","        // init lib","        local.local = local.npmtest_node_pushserver = local;","        // init exports","        if (local.modeJs === 'browser') {","            local.global.utility2_npmtest_node_pushserver = local;","        } else {","            module.exports = local;","            module.exports.__dirname = __dirname;","            module.exports.module = module;","        }","    }());","}());",""],"l":{"12":2,"14":2,"19":2,"21":2,"23":2,"24":2,"25":2,"30":1,"37":2,"41":2,"43":2,"45":2,"46":1,"48":1,"49":1,"50":1}},"/home/travis/build/npmtest/node-npmtest-node-pushserver/example.js":{"path":"/home/travis/build/npmtest/node-npmtest-node-pushserver/example.js","s":{"1":2,"2":2,"3":2,"4":2,"5":2,"6":2,"7":2,"8":1,"9":2,"10":2,"11":2,"12":2,"13":1,"14":2,"15":2,"16":2,"17":2,"18":2,"19":0,"20":2,"21":1,"22":1,"23":1,"24":1,"25":1,"26":0,"27":0,"28":1,"29":1,"30":2,"31":0,"32":0,"33":0,"34":1,"35":2,"36":2,"37":3,"38":3,"39":3,"40":3,"41":0,"42":3,"43":3,"44":3,"45":1,"46":3,"47":1,"48":1,"49":1,"50":1,"51":1,"52":1,"53":1,"54":1,"55":1,"56":1,"57":0,"58":1,"59":6,"60":6,"61":1,"62":2,"63":0,"64":2,"65":1,"66":1,"67":0,"68":0,"69":0,"70":0,"71":0,"72":0,"73":0,"74":0,"75":0,"76":0,"77":0,"78":0,"79":0,"80":0,"81":0,"82":0,"83":0},"b":{"1":[2,1,1,1],"2":[1,1,1,1],"3":[1,1],"4":[2,2],"5":[1,1],"6":[1,1],"7":[2,0],"8":[2,1,1,1,1,1],"9":[0,2,0],"10":[1,1],"11":[2,1,1],"12":[1,0],"13":[0,2],"14":[2,0,0,0,0,0,0],"15":[0,3],"16":[3,0],"17":[1,1],"18":[0,1],"19":[1,2,0,2],"20":[1,0],"21":[1,1],"22":[0,0],"23":[0,0],"24":[0,0],"25":[0,0],"26":[0,0],"27":[0,0],"28":[0,0]},"f":{"1":2,"2":2,"3":2,"4":2,"5":2,"6":2,"7":3,"8":3,"9":3,"10":1,"11":6,"12":0},"fnMap":{"1":{"name":"(anonymous_1)","line":26,"loc":{"start":{"line":26,"column":1},"end":{"line":26,"column":13}}},"2":{"name":"(anonymous_2)","line":33,"loc":{"start":{"line":33,"column":5},"end":{"line":33,"column":17}}},"3":{"name":"(anonymous_3)","line":37,"loc":{"start":{"line":37,"column":24},"end":{"line":37,"column":36}}},"4":{"name":"(anonymous_4)","line":69,"loc":{"start":{"line":69,"column":31},"end":{"line":69,"column":48}},"skip":true},"5":{"name":"(anonymous_5)","line":78,"loc":{"start":{"line":78,"column":26},"end":{"line":78,"column":45}},"skip":true},"6":{"name":"(anonymous_6)","line":123,"loc":{"start":{"line":123,"column":33},"end":{"line":123,"column":48}},"skip":true},"7":{"name":"(anonymous_7)","line":125,"loc":{"start":{"line":125,"column":27},"end":{"line":125,"column":39}},"skip":true},"8":{"name":"(anonymous_8)","line":133,"loc":{"start":{"line":133,"column":59},"end":{"line":133,"column":74}},"skip":true},"9":{"name":"(anonymous_9)","line":143,"loc":{"start":{"line":143,"column":45},"end":{"line":143,"column":62}},"skip":true},"10":{"name":"(anonymous_10)","line":144,"loc":{"start":{"line":144,"column":73},"end":{"line":144,"column":92}},"skip":true},"11":{"name":"(anonymous_11)","line":272,"loc":{"start":{"line":272,"column":51},"end":{"line":272,"column":77}},"skip":true},"12":{"name":"(anonymous_12)","line":315,"loc":{"start":{"line":315,"column":32},"end":{"line":315,"column":61}},"skip":true}},"statementMap":{"1":{"start":{"line":26,"column":0},"end":{"line":326,"column":5}},"2":{"start":{"line":28,"column":4},"end":{"line":28,"column":14}},"3":{"start":{"line":33,"column":4},"end":{"line":60,"column":9}},"4":{"start":{"line":35,"column":8},"end":{"line":35,"column":19}},"5":{"start":{"line":37,"column":8},"end":{"line":49,"column":13}},"6":{"start":{"line":38,"column":12},"end":{"line":48,"column":13}},"7":{"start":{"line":39,"column":16},"end":{"line":42,"column":30}},"8":{"start":{"line":44,"column":16},"end":{"line":47,"column":27}},"9":{"start":{"line":51,"column":8},"end":{"line":53,"column":21}},"10":{"start":{"line":55,"column":8},"end":{"line":57,"column":45}},"11":{"start":{"line":59,"column":8},"end":{"line":59,"column":35}},"12":{"start":{"line":61,"column":4},"end":{"line":325,"column":5}},"13":{"start":{"line":69,"column":8},"end":{"line":121,"column":10},"skip":true},"14":{"start":{"line":70,"column":12},"end":{"line":88,"column":13},"skip":true},"15":{"start":{"line":76,"column":16},"end":{"line":87,"column":19},"skip":true},"16":{"start":{"line":79,"column":20},"end":{"line":86,"column":21},"skip":true},"17":{"start":{"line":82,"column":24},"end":{"line":82,"column":43},"skip":true},"18":{"start":{"line":83,"column":24},"end":{"line":83,"column":30},"skip":true},"19":{"start":{"line":85,"column":24},"end":{"line":85,"column":49},"skip":true},"20":{"start":{"line":89,"column":12},"end":{"line":107,"column":13},"skip":true},"21":{"start":{"line":92,"column":16},"end":{"line":102,"column":17},"skip":true},"22":{"start":{"line":93,"column":20},"end":{"line":93,"column":86},"skip":true},"23":{"start":{"line":94,"column":20},"end":{"line":95,"column":45},"skip":true},"24":{"start":{"line":96,"column":20},"end":{"line":96,"column":42},"skip":true},"25":{"start":{"line":97,"column":20},"end":{"line":97,"column":48},"skip":true},"26":{"start":{"line":100,"column":20},"end":{"line":100,"column":85},"skip":true},"27":{"start":{"line":101,"column":20},"end":{"line":101,"column":96},"skip":true},"28":{"start":{"line":103,"column":16},"end":{"line":103,"column":22},"skip":true},"29":{"start":{"line":106,"column":16},"end":{"line":106,"column":22},"skip":true},"30":{"start":{"line":108,"column":12},"end":{"line":120,"column":13},"skip":true},"31":{"start":{"line":114,"column":16},"end":{"line":119,"column":17},"skip":true},"32":{"start":{"line":116,"column":20},"end":{"line":116,"column":78},"skip":true},"33":{"start":{"line":118,"column":20},"end":{"line":118,"column":47},"skip":true},"34":{"start":{"line":123,"column":8},"end":{"line":141,"column":11},"skip":true},"35":{"start":{"line":124,"column":12},"end":{"line":124,"column":54},"skip":true},"36":{"start":{"line":125,"column":12},"end":{"line":140,"column":14},"skip":true},"37":{"start":{"line":126,"column":16},"end":{"line":126,"column":28},"skip":true},"38":{"start":{"line":127,"column":16},"end":{"line":127,"column":69},"skip":true},"39":{"start":{"line":128,"column":16},"end":{"line":128,"column":75},"skip":true},"40":{"start":{"line":129,"column":16},"end":{"line":131,"column":17},"skip":true},"41":{"start":{"line":130,"column":20},"end":{"line":130,"column":27},"skip":true},"42":{"start":{"line":133,"column":16},"end":{"line":137,"column":36},"skip":true},"43":{"start":{"line":134,"column":20},"end":{"line":136,"column":55},"skip":true},"44":{"start":{"line":139,"column":16},"end":{"line":139,"column":57},"skip":true},"45":{"start":{"line":143,"column":8},"end":{"line":147,"column":11},"skip":true},"46":{"start":{"line":144,"column":12},"end":{"line":146,"column":15},"skip":true},"47":{"start":{"line":145,"column":16},"end":{"line":145,"column":70},"skip":true},"48":{"start":{"line":149,"column":8},"end":{"line":149,"column":31},"skip":true},"49":{"start":{"line":150,"column":8},"end":{"line":150,"column":14},"skip":true},"50":{"start":{"line":158,"column":8},"end":{"line":158,"column":31},"skip":true},"51":{"start":{"line":160,"column":8},"end":{"line":160,"column":33},"skip":true},"52":{"start":{"line":161,"column":8},"end":{"line":161,"column":37},"skip":true},"53":{"start":{"line":162,"column":8},"end":{"line":162,"column":35},"skip":true},"54":{"start":{"line":164,"column":8},"end":{"line":164,"column":50},"skip":true},"55":{"start":{"line":166,"column":8},"end":{"line":256,"column":2},"skip":true},"56":{"start":{"line":258,"column":8},"end":{"line":286,"column":9},"skip":true},"57":{"start":{"line":259,"column":12},"end":{"line":269,"column":14},"skip":true},"58":{"start":{"line":271,"column":12},"end":{"line":285,"column":19},"skip":true},"59":{"start":{"line":274,"column":20},"end":{"line":274,"column":35},"skip":true},"60":{"start":{"line":275,"column":20},"end":{"line":284,"column":21},"skip":true},"61":{"start":{"line":277,"column":24},"end":{"line":277,"column":64},"skip":true},"62":{"start":{"line":279,"column":24},"end":{"line":279,"column":40},"skip":true},"63":{"start":{"line":281,"column":24},"end":{"line":281,"column":40},"skip":true},"64":{"start":{"line":283,"column":24},"end":{"line":283,"column":39},"skip":true},"65":{"start":{"line":288,"column":8},"end":{"line":290,"column":9},"skip":true},"66":{"start":{"line":289,"column":12},"end":{"line":289,"column":18},"skip":true},"67":{"start":{"line":291,"column":8},"end":{"line":293,"column":54},"skip":true},"68":{"start":{"line":296,"column":8},"end":{"line":301,"column":37},"skip":true},"69":{"start":{"line":303,"column":8},"end":{"line":303,"column":82},"skip":true},"70":{"start":{"line":306,"column":8},"end":{"line":308,"column":9},"skip":true},"71":{"start":{"line":307,"column":12},"end":{"line":307,"column":82},"skip":true},"72":{"start":{"line":310,"column":8},"end":{"line":312,"column":9},"skip":true},"73":{"start":{"line":311,"column":12},"end":{"line":311,"column":18},"skip":true},"74":{"start":{"line":313,"column":8},"end":{"line":313,"column":54},"skip":true},"75":{"start":{"line":314,"column":8},"end":{"line":314,"column":69},"skip":true},"76":{"start":{"line":315,"column":8},"end":{"line":323,"column":36},"skip":true},"77":{"start":{"line":316,"column":12},"end":{"line":316,"column":61},"skip":true},"78":{"start":{"line":317,"column":12},"end":{"line":320,"column":13},"skip":true},"79":{"start":{"line":318,"column":16},"end":{"line":318,"column":75},"skip":true},"80":{"start":{"line":319,"column":16},"end":{"line":319,"column":23},"skip":true},"81":{"start":{"line":321,"column":12},"end":{"line":321,"column":38},"skip":true},"82":{"start":{"line":322,"column":12},"end":{"line":322,"column":27},"skip":true},"83":{"start":{"line":324,"column":8},"end":{"line":324,"column":14},"skip":true}},"branchMap":{"1":{"line":39,"type":"binary-expr","locations":[{"start":{"line":39,"column":23},"end":{"line":39,"column":62}},{"start":{"line":40,"column":20},"end":{"line":40,"column":70}},{"start":{"line":41,"column":20},"end":{"line":41,"column":71}},{"start":{"line":42,"column":20},"end":{"line":42,"column":29}}]},"2":{"line":44,"type":"binary-expr","locations":[{"start":{"line":44,"column":23},"end":{"line":44,"column":37}},{"start":{"line":45,"column":20},"end":{"line":45,"column":61}},{"start":{"line":46,"column":20},"end":{"line":46,"column":70}},{"start":{"line":47,"column":20},"end":{"line":47,"column":26}}]},"3":{"line":51,"type":"cond-expr","locations":[{"start":{"line":52,"column":14},"end":{"line":52,"column":20}},{"start":{"line":53,"column":14},"end":{"line":53,"column":20}}]},"4":{"line":55,"type":"binary-expr","locations":[{"start":{"line":55,"column":16},"end":{"line":55,"column":44}},{"start":{"line":55,"column":49},"end":{"line":57,"column":43}}]},"5":{"line":55,"type":"cond-expr","locations":[{"start":{"line":56,"column":14},"end":{"line":56,"column":59}},{"start":{"line":57,"column":14},"end":{"line":57,"column":43}}]},"6":{"line":61,"type":"switch","locations":[{"start":{"line":68,"column":4},"end":{"line":150,"column":14},"skip":true},{"start":{"line":156,"column":4},"end":{"line":324,"column":14},"skip":true}]},"7":{"line":70,"type":"if","locations":[{"start":{"line":70,"column":12},"end":{"line":70,"column":12},"skip":true},{"start":{"line":70,"column":12},"end":{"line":70,"column":12},"skip":true}]},"8":{"line":70,"type":"binary-expr","locations":[{"start":{"line":70,"column":16},"end":{"line":70,"column":22},"skip":true},{"start":{"line":70,"column":27},"end":{"line":70,"column":32},"skip":true},{"start":{"line":71,"column":20},"end":{"line":71,"column":39},"skip":true},{"start":{"line":72,"column":20},"end":{"line":72,"column":49},"skip":true},{"start":{"line":73,"column":20},"end":{"line":73,"column":58},"skip":true},{"start":{"line":74,"column":20},"end":{"line":74,"column":69},"skip":true}]},"9":{"line":79,"type":"switch","locations":[{"start":{"line":80,"column":20},"end":{"line":80,"column":33},"skip":true},{"start":{"line":81,"column":20},"end":{"line":83,"column":30},"skip":true},{"start":{"line":84,"column":20},"end":{"line":85,"column":49},"skip":true}]},"10":{"line":89,"type":"switch","locations":[{"start":{"line":90,"column":12},"end":{"line":103,"column":22},"skip":true},{"start":{"line":105,"column":12},"end":{"line":106,"column":22},"skip":true}]},"11":{"line":89,"type":"binary-expr","locations":[{"start":{"line":89,"column":20},"end":{"line":89,"column":25},"skip":true},{"start":{"line":89,"column":29},"end":{"line":89,"column":48},"skip":true},{"start":{"line":89,"column":52},"end":{"line":89,"column":74},"skip":true}]},"12":{"line":92,"type":"if","locations":[{"start":{"line":92,"column":16},"end":{"line":92,"column":16},"skip":true},{"start":{"line":92,"column":16},"end":{"line":92,"column":16},"skip":true}]},"13":{"line":108,"type":"if","locations":[{"start":{"line":108,"column":12},"end":{"line":108,"column":12},"skip":true},{"start":{"line":108,"column":12},"end":{"line":108,"column":12},"skip":true}]},"14":{"line":108,"type":"binary-expr","locations":[{"start":{"line":108,"column":16},"end":{"line":108,"column":61},"skip":true},{"start":{"line":108,"column":66},"end":{"line":108,"column":72},"skip":true},{"start":{"line":108,"column":77},"end":{"line":108,"column":82},"skip":true},{"start":{"line":109,"column":20},"end":{"line":109,"column":39},"skip":true},{"start":{"line":110,"column":20},"end":{"line":110,"column":49},"skip":true},{"start":{"line":111,"column":20},"end":{"line":111,"column":58},"skip":true},{"start":{"line":112,"column":20},"end":{"line":112,"column":68},"skip":true}]},"15":{"line":129,"type":"if","locations":[{"start":{"line":129,"column":16},"end":{"line":129,"column":16},"skip":true},{"start":{"line":129,"column":16},"end":{"line":129,"column":16},"skip":true}]},"16":{"line":134,"type":"cond-expr","locations":[{"start":{"line":135,"column":26},"end":{"line":135,"column":29},"skip":true},{"start":{"line":136,"column":26},"end":{"line":136,"column":54},"skip":true}]},"17":{"line":164,"type":"binary-expr","locations":[{"start":{"line":164,"column":27},"end":{"line":164,"column":43},"skip":true},{"start":{"line":164,"column":47},"end":{"line":164,"column":49},"skip":true}]},"18":{"line":258,"type":"if","locations":[{"start":{"line":258,"column":8},"end":{"line":258,"column":8},"skip":true},{"start":{"line":258,"column":8},"end":{"line":258,"column":8},"skip":true}]},"19":{"line":275,"type":"switch","locations":[{"start":{"line":276,"column":20},"end":{"line":277,"column":64},"skip":true},{"start":{"line":278,"column":20},"end":{"line":279,"column":40},"skip":true},{"start":{"line":280,"column":20},"end":{"line":281,"column":40},"skip":true},{"start":{"line":282,"column":20},"end":{"line":283,"column":39},"skip":true}]},"20":{"line":288,"type":"if","locations":[{"start":{"line":288,"column":8},"end":{"line":288,"column":8},"skip":true},{"start":{"line":288,"column":8},"end":{"line":288,"column":8},"skip":true}]},"21":{"line":288,"type":"binary-expr","locations":[{"start":{"line":288,"column":12},"end":{"line":288,"column":40},"skip":true},{"start":{"line":288,"column":44},"end":{"line":288,"column":67},"skip":true}]},"22":{"line":292,"type":"binary-expr","locations":[{"start":{"line":292,"column":12},"end":{"line":292,"column":50},"skip":true},{"start":{"line":293,"column":12},"end":{"line":293,"column":53},"skip":true}]},"23":{"line":297,"type":"binary-expr","locations":[{"start":{"line":297,"column":12},"end":{"line":297,"column":73},"skip":true},{"start":{"line":298,"column":12},"end":{"line":301,"column":36},"skip":true}]},"24":{"line":303,"type":"binary-expr","locations":[{"start":{"line":303,"column":43},"end":{"line":303,"column":75},"skip":true},{"start":{"line":303,"column":79},"end":{"line":303,"column":81},"skip":true}]},"25":{"line":306,"type":"if","locations":[{"start":{"line":306,"column":8},"end":{"line":306,"column":8},"skip":true},{"start":{"line":306,"column":8},"end":{"line":306,"column":8},"skip":true}]},"26":{"line":310,"type":"if","locations":[{"start":{"line":310,"column":8},"end":{"line":310,"column":8},"skip":true},{"start":{"line":310,"column":8},"end":{"line":310,"column":8},"skip":true}]},"27":{"line":313,"type":"binary-expr","locations":[{"start":{"line":313,"column":27},"end":{"line":313,"column":43},"skip":true},{"start":{"line":313,"column":47},"end":{"line":313,"column":53},"skip":true}]},"28":{"line":317,"type":"if","locations":[{"start":{"line":317,"column":12},"end":{"line":317,"column":12},"skip":true},{"start":{"line":317,"column":12},"end":{"line":317,"column":12},"skip":true}]}},"code":["/*","example.js","","quickstart example","","instruction","    1. save this script as example.js","    2. run the shell command:","        $ npm install npmtest-node-pushserver && PORT=8081 node example.js","    3. play with the browser-demo on http://127.0.0.1:8081","*/","","","","/* istanbul instrument in package npmtest_node_pushserver */","/*jslint","    bitwise: true,","    browser: true,","    maxerr: 8,","    maxlen: 96,","    node: true,","    nomen: true,","    regexp: true,","    stupid: true","*/","(function () {","    'use strict';","    var local;","","","","    // run shared js-env code - pre-init","    (function () {","        // init local","        local = {};","        // init modeJs","        local.modeJs = (function () {","            try {","                return typeof navigator.userAgent === 'string' &&","                    typeof document.querySelector('body') === 'object' &&","                    typeof XMLHttpRequest.prototype.open === 'function' &&","                    'browser';","            } catch (errorCaughtBrowser) {","                return module.exports &&","                    typeof process.versions.node === 'string' &&","                    typeof require('http').createServer === 'function' &&","                    'node';","            }","        }());","        // init global","        local.global = local.modeJs === 'browser'","            ? window","            : global;","        // init utility2_rollup","        local = local.global.utility2_rollup || (local.modeJs === 'browser'","            ? local.global.utility2_npmtest_node_pushserver","            : global.utility2_moduleExports);","        // export local","        local.global.local = local;","    }());","    switch (local.modeJs) {","","","","    // post-init","    // run browser js-env code - post-init","    /* istanbul ignore next */","    case 'browser':","        local.testRunBrowser = function (event) {","            if (!event || (event &&","                    event.currentTarget &&","                    event.currentTarget.className &&","                    event.currentTarget.className.includes &&","                    event.currentTarget.className.includes('onreset'))) {","                // reset output","                Array.from(","                    document.querySelectorAll('body > .resettable')","                ).forEach(function (element) {","                    switch (element.tagName) {","                    case 'INPUT':","                    case 'TEXTAREA':","                        element.value = '';","                        break;","                    default:","                        element.textContent = '';","                    }","                });","            }","            switch (event && event.currentTarget && event.currentTarget.id) {","            case 'testRunButton1':","                // show tests","                if (document.querySelector('#testReportDiv1').style.display === 'none') {","                    document.querySelector('#testReportDiv1').style.display = 'block';","                    document.querySelector('#testRunButton1').textContent =","                        'hide internal test';","                    local.modeTest = true;","                    local.testRunDefault(local);","                // hide tests","                } else {","                    document.querySelector('#testReportDiv1').style.display = 'none';","                    document.querySelector('#testRunButton1').textContent = 'run internal test';","                }","                break;","            // custom-case","            default:","                break;","            }","            if (document.querySelector('#inputTextareaEval1') && (!event || (event &&","                    event.currentTarget &&","                    event.currentTarget.className &&","                    event.currentTarget.className.includes &&","                    event.currentTarget.className.includes('oneval')))) {","                // try to eval input-code","                try {","                    /*jslint evil: true*/","                    eval(document.querySelector('#inputTextareaEval1').value);","                } catch (errorCaught) {","                    console.error(errorCaught);","                }","            }","        };","        // log stderr and stdout to #outputTextareaStdout1","        ['error', 'log'].forEach(function (key) {","            console[key + '_original'] = console[key];","            console[key] = function () {","                var element;","                console[key + '_original'].apply(console, arguments);","                element = document.querySelector('#outputTextareaStdout1');","                if (!element) {","                    return;","                }","                // append text to #outputTextareaStdout1","                element.value += Array.from(arguments).map(function (arg) {","                    return typeof arg === 'string'","                        ? arg","                        : JSON.stringify(arg, null, 4);","                }).join(' ') + '\\n';","                // scroll textarea to bottom","                element.scrollTop = element.scrollHeight;","            };","        });","        // init event-handling","        ['change', 'click', 'keyup'].forEach(function (event) {","            Array.from(document.querySelectorAll('.on' + event)).forEach(function (element) {","                element.addEventListener(event, local.testRunBrowser);","            });","        });","        // run tests","        local.testRunBrowser();","        break;","","","","    // run node js-env code - post-init","    /* istanbul ignore next */","    case 'node':","        // export local","        module.exports = local;","        // require modules","        local.fs = require('fs');","        local.http = require('http');","        local.url = require('url');","        // init assets","        local.assetsDict = local.assetsDict || {};","        /* jslint-ignore-begin */","        local.assetsDict['/assets.index.template.html'] = '\\","<!doctype html>\\n\\","<html lang=\"en\">\\n\\","<head>\\n\\","<meta charset=\"UTF-8\">\\n\\","<meta name=\"viewport\" content=\"width=device-width, initial-scale=1\">\\n\\","<title>{{env.npm_package_name}} (v{{env.npm_package_version}})</title>\\n\\","<style>\\n\\","/*csslint\\n\\","    box-sizing: false,\\n\\","    universal-selector: false\\n\\","*/\\n\\","* {\\n\\","    box-sizing: border-box;\\n\\","}\\n\\","body {\\n\\","    background: #dde;\\n\\","    font-family: Arial, Helvetica, sans-serif;\\n\\","    margin: 2rem;\\n\\","}\\n\\","body > * {\\n\\","    margin-bottom: 1rem;\\n\\","}\\n\\",".utility2FooterDiv {\\n\\","    margin-top: 20px;\\n\\","    text-align: center;\\n\\","}\\n\\","</style>\\n\\","<style>\\n\\","/*csslint\\n\\","*/\\n\\","textarea {\\n\\","    font-family: monospace;\\n\\","    height: 10rem;\\n\\","    width: 100%;\\n\\","}\\n\\","textarea[readonly] {\\n\\","    background: #ddd;\\n\\","}\\n\\","</style>\\n\\","</head>\\n\\","<body>\\n\\","<!-- utility2-comment\\n\\","<div id=\"ajaxProgressDiv1\" style=\"background: #d00; height: 2px; left: 0; margin: 0; padding: 0; position: fixed; top: 0; transition: background 0.5s, width 1.5s; width: 25%;\"></div>\\n\\","utility2-comment -->\\n\\","<h1>\\n\\","<!-- utility2-comment\\n\\","    <a\\n\\","        {{#if env.npm_package_homepage}}\\n\\","        href=\"{{env.npm_package_homepage}}\"\\n\\","        {{/if env.npm_package_homepage}}\\n\\","        target=\"_blank\"\\n\\","    >\\n\\","utility2-comment -->\\n\\","        {{env.npm_package_name}} (v{{env.npm_package_version}})\\n\\","<!-- utility2-comment\\n\\","    </a>\\n\\","utility2-comment -->\\n\\","</h1>\\n\\","<h3>{{env.npm_package_description}}</h3>\\n\\","<!-- utility2-comment\\n\\","<h4><a download href=\"assets.app.js\">download standalone app</a></h4>\\n\\","<button class=\"onclick onreset\" id=\"testRunButton1\">run internal test</button><br>\\n\\","<div id=\"testReportDiv1\" style=\"display: none;\"></div>\\n\\","utility2-comment -->\\n\\","\\n\\","\\n\\","\\n\\","<label>stderr and stdout</label>\\n\\","<textarea class=\"resettable\" id=\"outputTextareaStdout1\" readonly></textarea>\\n\\","<!-- utility2-comment\\n\\","{{#if isRollup}}\\n\\","<script src=\"assets.app.js\"></script>\\n\\","{{#unless isRollup}}\\n\\","utility2-comment -->\\n\\","<script src=\"assets.utility2.rollup.js\"></script>\\n\\","<script src=\"jsonp.utility2._stateInit?callback=window.utility2._stateInit\"></script>\\n\\","<script src=\"assets.npmtest_node_pushserver.rollup.js\"></script>\\n\\","<script src=\"assets.example.js\"></script>\\n\\","<script src=\"assets.test.js\"></script>\\n\\","<!-- utility2-comment\\n\\","{{/if isRollup}}\\n\\","utility2-comment -->\\n\\","<div class=\"utility2FooterDiv\">\\n\\","    [ this app was created with\\n\\","    <a href=\"https://github.com/kaizhu256/node-utility2\" target=\"_blank\">utility2</a>\\n\\","    ]\\n\\","</div>\\n\\","</body>\\n\\","</html>\\n\\","';","        /* jslint-ignore-end */","        if (local.templateRender) {","            local.assetsDict['/'] = local.templateRender(","                local.assetsDict['/assets.index.template.html'],","                {","                    env: local.objectSetDefault(local.env, {","                        npm_package_description: 'the greatest app in the world!',","                        npm_package_name: 'my-app',","                        npm_package_nameAlias: 'my_app',","                        npm_package_version: '0.0.1'","                    })","                }","            );","        } else {","            local.assetsDict['/'] = local.assetsDict['/assets.index.template.html']","                .replace((/\\{\\{env\\.(\\w+?)\\}\\}/g), function (match0, match1) {","                    // jslint-hack","                    String(match0);","                    switch (match1) {","                    case 'npm_package_description':","                        return 'the greatest app in the world!';","                    case 'npm_package_name':","                        return 'my-app';","                    case 'npm_package_nameAlias':","                        return 'my_app';","                    case 'npm_package_version':","                        return '0.0.1';","                    }","                });","        }","        // run the cli","        if (local.global.utility2_rollup || module !== require.main) {","            break;","        }","        local.assetsDict['/assets.example.js'] =","            local.assetsDict['/assets.example.js'] ||","            local.fs.readFileSync(__filename, 'utf8');","        // bug-workaround - long $npm_package_buildCustomOrg","        /* jslint-ignore-begin */","        local.assetsDict['/assets.npmtest_node_pushserver.rollup.js'] =","            local.assetsDict['/assets.npmtest_node_pushserver.rollup.js'] ||","            local.fs.readFileSync(","                local.npmtest_node_pushserver.__dirname + '/lib.npmtest_node_pushserver.js',","                'utf8'","            ).replace((/^#!/), '//');","        /* jslint-ignore-end */","        local.assetsDict['/favicon.ico'] = local.assetsDict['/favicon.ico'] || '';","        // if $npm_config_timeout_exit exists,","        // then exit this process after $npm_config_timeout_exit ms","        if (Number(process.env.npm_config_timeout_exit)) {","            setTimeout(process.exit, Number(process.env.npm_config_timeout_exit));","        }","        // start server","        if (local.global.utility2_serverHttp1) {","            break;","        }","        process.env.PORT = process.env.PORT || '8081';","        console.error('server starting on port ' + process.env.PORT);","        local.http.createServer(function (request, response) {","            request.urlParsed = local.url.parse(request.url);","            if (local.assetsDict[request.urlParsed.pathname] !== undefined) {","                response.end(local.assetsDict[request.urlParsed.pathname]);","                return;","            }","            response.statusCode = 404;","            response.end();","        }).listen(process.env.PORT);","        break;","    }","}());",""],"l":{"26":2,"28":2,"33":2,"35":2,"37":2,"38":2,"39":2,"44":1,"51":2,"55":2,"59":2,"61":2,"69":1,"70":2,"76":2,"79":2,"82":2,"83":2,"85":1,"89":2,"92":1,"93":1,"94":1,"96":1,"97":1,"100":1,"101":1,"103":1,"106":1,"108":2,"114":1,"116":1,"118":1,"123":1,"124":2,"125":2,"126":3,"127":3,"128":3,"129":3,"130":1,"133":3,"134":3,"139":3,"143":1,"144":3,"145":1,"149":1,"150":1,"158":1,"160":1,"161":1,"162":1,"164":1,"166":1,"258":1,"259":1,"271":1,"274":6,"275":6,"277":1,"279":2,"281":1,"283":2,"288":1,"289":1,"291":1,"296":1,"303":1,"306":1,"307":1,"310":1,"311":1,"313":1,"314":1,"315":1,"316":1,"317":1,"318":1,"319":1,"321":1,"322":1,"324":1}},"/home/travis/build/npmtest/node-npmtest-node-pushserver/node_modules/node-pushserver/lib/PushController.js":{"path":"/home/travis/build/npmtest/node-npmtest-node-pushserver/node_modules/node-pushserver/lib/PushController.js","s":{"1":1,"2":1,"3":0,"4":0,"5":0,"6":0,"7":0,"8":0,"9":0,"10":0,"11":1,"12":0,"13":0,"14":0,"15":0,"16":1,"17":0,"18":1,"19":0,"20":1,"21":0,"22":1},"b":{"1":[0,0],"2":[0,0],"3":[0,0],"4":[0,0],"5":[0,0]},"f":{"1":0,"2":0,"3":0,"4":0,"5":0,"6":0},"fnMap":{"1":{"name":"(anonymous_1)","line":14,"loc":{"start":{"line":14,"column":11},"end":{"line":14,"column":67}}},"2":{"name":"(anonymous_2)","line":29,"loc":{"start":{"line":29,"column":16},"end":{"line":29,"column":42}}},"3":{"name":"(anonymous_3)","line":30,"loc":{"start":{"line":30,"column":40},"end":{"line":30,"column":64}}},"4":{"name":"(anonymous_4)","line":36,"loc":{"start":{"line":36,"column":16},"end":{"line":36,"column":38}}},"5":{"name":"(anonymous_5)","line":40,"loc":{"start":{"line":40,"column":24},"end":{"line":40,"column":47}}},"6":{"name":"(anonymous_6)","line":44,"loc":{"start":{"line":44,"column":22},"end":{"line":44,"column":38}}}},"statementMap":{"1":{"start":{"line":8,"column":0},"end":{"line":11,"column":39}},"2":{"start":{"line":14,"column":0},"end":{"line":27,"column":2}},"3":{"start":{"line":15,"column":4},"end":{"line":15,"column":90}},"4":{"start":{"line":16,"column":4},"end":{"line":16,"column":82}},"5":{"start":{"line":18,"column":4},"end":{"line":21,"column":5}},"6":{"start":{"line":19,"column":8},"end":{"line":19,"column":64}},"7":{"start":{"line":20,"column":8},"end":{"line":20,"column":50}},"8":{"start":{"line":23,"column":4},"end":{"line":26,"column":5}},"9":{"start":{"line":24,"column":8},"end":{"line":24,"column":60}},"10":{"start":{"line":25,"column":8},"end":{"line":25,"column":46}},"11":{"start":{"line":29,"column":0},"end":{"line":34,"column":2}},"12":{"start":{"line":30,"column":4},"end":{"line":33,"column":7}},"13":{"start":{"line":31,"column":8},"end":{"line":31,"column":24}},"14":{"start":{"line":31,"column":17},"end":{"line":31,"column":24}},"15":{"start":{"line":32,"column":8},"end":{"line":32,"column":31}},"16":{"start":{"line":36,"column":0},"end":{"line":38,"column":2}},"17":{"start":{"line":37,"column":4},"end":{"line":37,"column":77}},"18":{"start":{"line":40,"column":0},"end":{"line":42,"column":2}},"19":{"start":{"line":41,"column":4},"end":{"line":41,"column":47}},"20":{"start":{"line":44,"column":0},"end":{"line":46,"column":2}},"21":{"start":{"line":45,"column":4},"end":{"line":45,"column":41}},"22":{"start":{"line":48,"column":0},"end":{"line":54,"column":2}}},"branchMap":{"1":{"line":18,"type":"if","locations":[{"start":{"line":18,"column":4},"end":{"line":18,"column":4}},{"start":{"line":18,"column":4},"end":{"line":18,"column":4}}]},"2":{"line":18,"type":"binary-expr","locations":[{"start":{"line":18,"column":8},"end":{"line":18,"column":22}},{"start":{"line":18,"column":26},"end":{"line":18,"column":50}}]},"3":{"line":23,"type":"if","locations":[{"start":{"line":23,"column":4},"end":{"line":23,"column":4}},{"start":{"line":23,"column":4},"end":{"line":23,"column":4}}]},"4":{"line":23,"type":"binary-expr","locations":[{"start":{"line":23,"column":8},"end":{"line":23,"column":18}},{"start":{"line":23,"column":22},"end":{"line":23,"column":42}}]},"5":{"line":31,"type":"if","locations":[{"start":{"line":31,"column":8},"end":{"line":31,"column":8}},{"start":{"line":31,"column":8},"end":{"line":31,"column":8}}]}},"code":["/**"," * Created with JetBrains WebStorm."," * User: Vincent Lemeunier"," * Date: 06/06/13"," * Time: 15:41"," */","","var _ = require('lodash'),","    pushAssociations = require('./PushAssociations'),","    apnPusher = require('./APNPusher'),","    gcmPusher = require('./GCMPusher');","","","var send = function (pushAssociations, androidPayload, iosPayload) {","    var androidTokens = _(pushAssociations).where({type: 'android'}).map('token').value();","    var iosTokens = _(pushAssociations).where({type: 'ios'}).map('token').value();","","    if (androidPayload && androidTokens.length > 0) {","        var gcmPayload = gcmPusher.buildPayload(androidPayload);","        gcmPusher.push(androidTokens, gcmPayload);","    }","","    if (iosPayload && iosTokens.length > 0) {","        var apnPayload = apnPusher.buildPayload(iosPayload);","        apnPusher.push(iosTokens, apnPayload);","    }","};","","var sendUsers = function (users, payload) {","    pushAssociations.getForUsers(users, function (err, pushAss) {","        if (err) return;","        send(pushAss, payload);","    });","};","","var subscribe = function (deviceInfo) {","    pushAssociations.add(deviceInfo.user, deviceInfo.type, deviceInfo.token);","};","","var unsubscribeDevice = function (deviceToken) {","    pushAssociations.removeDevice(deviceToken);","};","","var unsubscribeUser = function (user) {","    pushAssociations.removeForUser(user);","};","","module.exports = {","    send: send,","    sendUsers: sendUsers,","    subscribe: subscribe,","    unsubscribeDevice: unsubscribeDevice,","    unsubscribeUser: unsubscribeUser","};"],"l":{"8":1,"14":1,"15":0,"16":0,"18":0,"19":0,"20":0,"23":0,"24":0,"25":0,"29":1,"30":0,"31":0,"32":0,"36":1,"37":0,"40":1,"41":0,"44":1,"45":0,"48":1}},"/home/travis/build/npmtest/node-npmtest-node-pushserver/node_modules/node-pushserver/lib/PushAssociations.js":{"path":"/home/travis/build/npmtest/node-npmtest-node-pushserver/node_modules/node-pushserver/lib/PushAssociations.js","s":{"1":1,"2":1,"3":1,"4":1,"5":1,"6":0,"7":0,"8":0,"9":0,"10":0,"11":0,"12":1,"13":0,"14":0,"15":1,"16":0,"17":0,"18":0,"19":0,"20":1,"21":0,"22":0,"23":1,"24":0,"25":0,"26":1,"27":0,"28":0,"29":1,"30":0,"31":0,"32":0,"33":1,"34":0,"35":0,"36":0,"37":1,"38":0,"39":0,"40":0,"41":1,"42":0,"43":0,"44":0,"45":0,"46":0,"47":0,"48":1,"49":1,"50":8,"51":0,"52":8,"53":0,"54":0,"55":0,"56":1,"57":0,"58":1},"b":{"1":[0,0],"2":[0,0],"3":[0,0],"4":[0,0],"5":[0,0],"6":[0,8],"7":[0,0]},"f":{"1":0,"2":0,"3":0,"4":0,"5":0,"6":0,"7":0,"8":0,"9":0,"10":0,"11":0,"12":0,"13":0,"14":0,"15":0,"16":0,"17":0,"18":1,"19":8,"20":0,"21":0},"fnMap":{"1":{"name":"(anonymous_1)","line":8,"loc":{"start":{"line":8,"column":24},"end":{"line":8,"column":36}}},"2":{"name":"(anonymous_2)","line":37,"loc":{"start":{"line":37,"column":10},"end":{"line":37,"column":45}}},"3":{"name":"(anonymous_3)","line":42,"loc":{"start":{"line":42,"column":19},"end":{"line":42,"column":42}}},"4":{"name":"(anonymous_4)","line":43,"loc":{"start":{"line":43,"column":24},"end":{"line":43,"column":47}}},"5":{"name":"(anonymous_5)","line":44,"loc":{"start":{"line":44,"column":93},"end":{"line":44,"column":108}}},"6":{"name":"(anonymous_6)","line":50,"loc":{"start":{"line":50,"column":13},"end":{"line":50,"column":33}}},"7":{"name":"(anonymous_7)","line":56,"loc":{"start":{"line":56,"column":17},"end":{"line":56,"column":43}}},"8":{"name":"(anonymous_8)","line":62,"loc":{"start":{"line":62,"column":18},"end":{"line":62,"column":45}}},"9":{"name":"(anonymous_9)","line":70,"loc":{"start":{"line":70,"column":20},"end":{"line":70,"column":36}}},"10":{"name":"(anonymous_10)","line":71,"loc":{"start":{"line":71,"column":41},"end":{"line":71,"column":56}}},"11":{"name":"(anonymous_11)","line":76,"loc":{"start":{"line":76,"column":19},"end":{"line":76,"column":36}}},"12":{"name":"(anonymous_12)","line":77,"loc":{"start":{"line":77,"column":43},"end":{"line":77,"column":58}}},"13":{"name":"(anonymous_13)","line":82,"loc":{"start":{"line":82,"column":20},"end":{"line":82,"column":38}}},"14":{"name":"(anonymous_14)","line":83,"loc":{"start":{"line":83,"column":51},"end":{"line":83,"column":66}}},"15":{"name":"(anonymous_15)","line":88,"loc":{"start":{"line":88,"column":26},"end":{"line":88,"column":46}}},"16":{"name":"(anonymous_16)","line":89,"loc":{"start":{"line":89,"column":11},"end":{"line":89,"column":37}}},"17":{"name":"(anonymous_17)","line":92,"loc":{"start":{"line":92,"column":37},"end":{"line":92,"column":57}}},"18":{"name":"(anonymous_18)","line":100,"loc":{"start":{"line":100,"column":18},"end":{"line":100,"column":36}}},"19":{"name":"(anonymous_19)","line":101,"loc":{"start":{"line":101,"column":31},"end":{"line":101,"column":68}}},"20":{"name":"(anonymous_20)","line":104,"loc":{"start":{"line":104,"column":30},"end":{"line":104,"column":42}}},"21":{"name":"(anonymous_21)","line":114,"loc":{"start":{"line":114,"column":19},"end":{"line":114,"column":35}}}},"statementMap":{"1":{"start":{"line":1,"column":0},"end":{"line":1,"column":35}},"2":{"start":{"line":2,"column":0},"end":{"line":2,"column":33}},"3":{"start":{"line":3,"column":0},"end":{"line":3,"column":26}},"4":{"start":{"line":6,"column":0},"end":{"line":6,"column":20}},"5":{"start":{"line":8,"column":0},"end":{"line":35,"column":3}},"6":{"start":{"line":9,"column":4},"end":{"line":9,"column":56}},"7":{"start":{"line":10,"column":4},"end":{"line":10,"column":50}},"8":{"start":{"line":12,"column":4},"end":{"line":27,"column":7}},"9":{"start":{"line":30,"column":4},"end":{"line":30,"column":73}},"10":{"start":{"line":32,"column":4},"end":{"line":32,"column":73}},"11":{"start":{"line":34,"column":4},"end":{"line":34,"column":26}},"12":{"start":{"line":37,"column":0},"end":{"line":40,"column":2}},"13":{"start":{"line":38,"column":4},"end":{"line":38,"column":85}},"14":{"start":{"line":39,"column":4},"end":{"line":39,"column":20}},"15":{"start":{"line":42,"column":0},"end":{"line":48,"column":2}},"16":{"start":{"line":43,"column":4},"end":{"line":47,"column":7}},"17":{"start":{"line":44,"column":8},"end":{"line":46,"column":11}},"18":{"start":{"line":45,"column":12},"end":{"line":45,"column":40}},"19":{"start":{"line":45,"column":21},"end":{"line":45,"column":40}},"20":{"start":{"line":50,"column":0},"end":{"line":54,"column":2}},"21":{"start":{"line":51,"column":4},"end":{"line":51,"column":56}},"22":{"start":{"line":53,"column":4},"end":{"line":53,"column":42}},"23":{"start":{"line":56,"column":0},"end":{"line":60,"column":2}},"24":{"start":{"line":57,"column":4},"end":{"line":57,"column":56}},"25":{"start":{"line":59,"column":4},"end":{"line":59,"column":56}},"26":{"start":{"line":62,"column":0},"end":{"line":68,"column":2}},"27":{"start":{"line":63,"column":4},"end":{"line":63,"column":56}},"28":{"start":{"line":65,"column":4},"end":{"line":67,"column":31}},"29":{"start":{"line":70,"column":0},"end":{"line":74,"column":2}},"30":{"start":{"line":71,"column":4},"end":{"line":73,"column":7}},"31":{"start":{"line":72,"column":8},"end":{"line":72,"column":34}},"32":{"start":{"line":72,"column":17},"end":{"line":72,"column":34}},"33":{"start":{"line":76,"column":0},"end":{"line":80,"column":2}},"34":{"start":{"line":77,"column":4},"end":{"line":79,"column":7}},"35":{"start":{"line":78,"column":8},"end":{"line":78,"column":34}},"36":{"start":{"line":78,"column":17},"end":{"line":78,"column":34}},"37":{"start":{"line":82,"column":0},"end":{"line":86,"column":2}},"38":{"start":{"line":83,"column":4},"end":{"line":85,"column":7}},"39":{"start":{"line":84,"column":8},"end":{"line":84,"column":34}},"40":{"start":{"line":84,"column":17},"end":{"line":84,"column":34}},"41":{"start":{"line":88,"column":0},"end":{"line":98,"column":2}},"42":{"start":{"line":89,"column":4},"end":{"line":97,"column":5}},"43":{"start":{"line":90,"column":8},"end":{"line":90,"column":44}},"44":{"start":{"line":90,"column":17},"end":{"line":90,"column":44}},"45":{"start":{"line":92,"column":8},"end":{"line":94,"column":11}},"46":{"start":{"line":93,"column":12},"end":{"line":93,"column":62}},"47":{"start":{"line":96,"column":8},"end":{"line":96,"column":37}},"48":{"start":{"line":100,"column":0},"end":{"line":112,"column":2}},"49":{"start":{"line":101,"column":4},"end":{"line":111,"column":7}},"50":{"start":{"line":102,"column":8},"end":{"line":102,"column":66}},"51":{"start":{"line":102,"column":32},"end":{"line":102,"column":66}},"52":{"start":{"line":104,"column":8},"end":{"line":110,"column":10}},"53":{"start":{"line":105,"column":12},"end":{"line":107,"column":13}},"54":{"start":{"line":106,"column":16},"end":{"line":106,"column":29}},"55":{"start":{"line":109,"column":12},"end":{"line":109,"column":47}},"56":{"start":{"line":114,"column":0},"end":{"line":116,"column":2}},"57":{"start":{"line":115,"column":4},"end":{"line":115,"column":37}},"58":{"start":{"line":118,"column":0},"end":{"line":127,"column":3}}},"branchMap":{"1":{"line":45,"type":"if","locations":[{"start":{"line":45,"column":12},"end":{"line":45,"column":12}},{"start":{"line":45,"column":12},"end":{"line":45,"column":12}}]},"2":{"line":72,"type":"if","locations":[{"start":{"line":72,"column":8},"end":{"line":72,"column":8}},{"start":{"line":72,"column":8},"end":{"line":72,"column":8}}]},"3":{"line":78,"type":"if","locations":[{"start":{"line":78,"column":8},"end":{"line":78,"column":8}},{"start":{"line":78,"column":8},"end":{"line":78,"column":8}}]},"4":{"line":84,"type":"if","locations":[{"start":{"line":84,"column":8},"end":{"line":84,"column":8}},{"start":{"line":84,"column":8},"end":{"line":84,"column":8}}]},"5":{"line":90,"type":"if","locations":[{"start":{"line":90,"column":8},"end":{"line":90,"column":8}},{"start":{"line":90,"column":8},"end":{"line":90,"column":8}}]},"6":{"line":102,"type":"if","locations":[{"start":{"line":102,"column":8},"end":{"line":102,"column":8}},{"start":{"line":102,"column":8},"end":{"line":102,"column":8}}]},"7":{"line":105,"type":"if","locations":[{"start":{"line":105,"column":12},"end":{"line":105,"column":12}},{"start":{"line":105,"column":12},"end":{"line":105,"column":12}}]}},"code":["var mongoose = require('mongoose');","var config = require('./Config');","var _ = require('lodash');","","// Init","var PushAssociation;","","var initialize = _.once(function () {","    var db = mongoose.connect(config.get('mongodbUrl'));","    mongoose.connection.on('error', errorHandler);","","    var pushAssociationSchema = new db.Schema({","        user: {","            type: 'String',","            required: true","        },","        type: {","            type: 'String',","            required: true,","            enum: ['ios', 'android'],","            lowercase: true","        },","        token: {","            type: 'String',","            required: true","        }","    });","","    // I must ensure uniqueness accross the two properties because two users can have the same token (ex: in apn, 1 token === 1 device)","    pushAssociationSchema.index({ user: 1, token: 1 }, { unique: true });","","    PushAssociation = db.model('PushAssociation', pushAssociationSchema);","","    return module.exports;","});","","var add = function (user, deviceType, token) {","    var pushItem = new PushAssociation({user: user, type: deviceType, token: token});","    pushItem.save();","};","","var updateTokens = function (fromToArray) {","    fromToArray.forEach(function (tokenUpdate) {","        PushAssociation.findOneAndUpdate({token: tokenUpdate.from}, {token: tokenUpdate.to}, function (err) {","            if (err) console.error(err);","        });","    });","};","","var getAll = function (callback) {","    var wrappedCallback = outputFilterWrapper(callback);","","    PushAssociation.find(wrappedCallback);","};","","var getForUser = function (user, callback) {","    var wrappedCallback = outputFilterWrapper(callback);","","    PushAssociation.find({user: user}, wrappedCallback);","};","","var getForUsers = function (users, callback) {","    var wrappedCallback = outputFilterWrapper(callback);","","    PushAssociation.where('user')","        .in(users)","        .exec(wrappedCallback);","};","","var removeForUser = function (user) {","    PushAssociation.remove({user: user}, function (err) {","        if (err) console.dir(err);","    });","};","","var removeDevice = function (token) {","    PushAssociation.remove({token: token}, function (err) {","        if (err) console.log(err);","    });","};","","var removeDevices = function (tokens) {","    PushAssociation.remove({token: {$in: tokens}}, function (err) {","        if (err) console.log(err);","    });","};","","var outputFilterWrapper = function (callback) {","    return function (err, pushItems) {","        if (err) return callback(err, null);","","        var items = _.map(pushItems, function (pushItem) {","            return _.pick(pushItem, ['user', 'type', 'token'])","        });","","        return callback(null, items);","    }","};","","var initWrapper = function (object) {","    return _.transform(object, function (newObject, func, funcName) {","        if(!_.isFunction(func)) return newObject[funcName] = func;","","        newObject[funcName] = function () {","            if (_.isUndefined(PushAssociation)) {","                initialize();","            }","","            return func.apply(null, arguments);","        };","    });","};","","var errorHandler = function(error) {","    console.error('ERROR: ' + error);","};","","module.exports = initWrapper({","    add: add,","    updateTokens: updateTokens,","    getAll: getAll,","    getForUser: getForUser,","    getForUsers: getForUsers,","    removeForUser: removeForUser,","    removeDevice: removeDevice,","    removeDevices: removeDevices","});"],"l":{"1":1,"2":1,"3":1,"6":1,"8":1,"9":0,"10":0,"12":0,"30":0,"32":0,"34":0,"37":1,"38":0,"39":0,"42":1,"43":0,"44":0,"45":0,"50":1,"51":0,"53":0,"56":1,"57":0,"59":0,"62":1,"63":0,"65":0,"70":1,"71":0,"72":0,"76":1,"77":0,"78":0,"82":1,"83":0,"84":0,"88":1,"89":0,"90":0,"92":0,"93":0,"96":0,"100":1,"101":1,"102":8,"104":8,"105":0,"106":0,"109":0,"114":1,"115":0,"118":1}},"/home/travis/build/npmtest/node-npmtest-node-pushserver/node_modules/node-pushserver/lib/Config.js":{"path":"/home/travis/build/npmtest/node-npmtest-node-pushserver/node_modules/node-pushserver/lib/Config.js","s":{"1":1,"2":1,"3":1,"4":0,"5":0,"6":0,"7":0,"8":0,"9":0,"10":1,"11":0,"12":0,"13":0,"14":1},"b":{"1":[0,0],"2":[0,0]},"f":{"1":0,"2":0,"3":0},"fnMap":{"1":{"name":"(anonymous_1)","line":12,"loc":{"start":{"line":12,"column":24},"end":{"line":12,"column":61}}},"2":{"name":"(anonymous_2)","line":16,"loc":{"start":{"line":16,"column":21},"end":{"line":16,"column":41}}},"3":{"name":"(anonymous_3)","line":26,"loc":{"start":{"line":26,"column":10},"end":{"line":26,"column":25}}}},"statementMap":{"1":{"start":{"line":8,"column":0},"end":{"line":8,"column":26}},"2":{"start":{"line":10,"column":0},"end":{"line":10,"column":11}},"3":{"start":{"line":12,"column":0},"end":{"line":24,"column":3}},"4":{"start":{"line":13,"column":4},"end":{"line":13,"column":61}},"5":{"start":{"line":16,"column":4},"end":{"line":21,"column":7}},"6":{"start":{"line":17,"column":8},"end":{"line":17,"column":53}},"7":{"start":{"line":18,"column":8},"end":{"line":20,"column":9}},"8":{"start":{"line":19,"column":10},"end":{"line":19,"column":44}},"9":{"start":{"line":23,"column":4},"end":{"line":23,"column":18}},"10":{"start":{"line":26,"column":0},"end":{"line":29,"column":2}},"11":{"start":{"line":27,"column":4},"end":{"line":27,"column":46}},"12":{"start":{"line":27,"column":17},"end":{"line":27,"column":46}},"13":{"start":{"line":28,"column":4},"end":{"line":28,"column":23}},"14":{"start":{"line":31,"column":0},"end":{"line":34,"column":1}}},"branchMap":{"1":{"line":18,"type":"if","locations":[{"start":{"line":18,"column":8},"end":{"line":18,"column":8}},{"start":{"line":18,"column":8},"end":{"line":18,"column":8}}]},"2":{"line":27,"type":"if","locations":[{"start":{"line":27,"column":4},"end":{"line":27,"column":4}},{"start":{"line":27,"column":4},"end":{"line":27,"column":4}}]}},"code":["/**"," * Created with JetBrains WebStorm."," * User: smile"," * Date: 17/06/13"," * Time: 12:03"," * To change this template use File | Settings | File Templates."," */","var _ = require('lodash');","","var config;","","var initialize = _.once(function (configFilePath, overrides) {","    config = _.merge({}, require(configFilePath), overrides);","","    // Replace any \"process.env.*\" by its corresponding value","    _.forOwn(config, function(value, key){","        var env = /^process\\.env\\.(.+)$/.exec(value);","        if(env) {","          config[key] = process.env[env[1]];","        }","    });","","    return config;","});","","var get = function (key) {","    if (!config) initialize('../config.json');","    return config[key];","};","","module.exports = {","    initialize: initialize,","    get: get","}"],"l":{"8":1,"10":1,"12":1,"13":0,"16":0,"17":0,"18":0,"19":0,"23":0,"26":1,"27":0,"28":0,"31":1}},"/home/travis/build/npmtest/node-npmtest-node-pushserver/node_modules/node-pushserver/lib/APNPusher.js":{"path":"/home/travis/build/npmtest/node-npmtest-node-pushserver/node_modules/node-pushserver/lib/APNPusher.js","s":{"1":1,"2":1,"3":1,"4":1,"5":1,"6":0,"7":1,"8":0,"9":0,"10":0,"11":0,"12":0,"13":0,"14":1,"15":0,"16":0,"17":0,"18":0,"19":1,"20":0,"21":0,"22":0,"23":0,"24":0,"25":1,"26":0,"27":0,"28":0,"29":1,"30":0,"31":0,"32":1},"b":{"1":[0,0],"2":[0,0]},"f":{"1":0,"2":0,"3":0,"4":0,"5":0,"6":0,"7":0},"fnMap":{"1":{"name":"(anonymous_1)","line":15,"loc":{"start":{"line":15,"column":11},"end":{"line":15,"column":38}}},"2":{"name":"(anonymous_2)","line":19,"loc":{"start":{"line":19,"column":19},"end":{"line":19,"column":38}}},"3":{"name":"(anonymous_3)","line":30,"loc":{"start":{"line":30,"column":23},"end":{"line":30,"column":35}}},"4":{"name":"(anonymous_4)","line":39,"loc":{"start":{"line":39,"column":26},"end":{"line":39,"column":72}}},"5":{"name":"(anonymous_5)","line":50,"loc":{"start":{"line":50,"column":17},"end":{"line":50,"column":40}}},"6":{"name":"(anonymous_6)","line":53,"loc":{"start":{"line":53,"column":51},"end":{"line":53,"column":73}}},"7":{"name":"(anonymous_7)","line":58,"loc":{"start":{"line":58,"column":22},"end":{"line":58,"column":34}}}},"statementMap":{"1":{"start":{"line":10,"column":0},"end":{"line":10,"column":33}},"2":{"start":{"line":11,"column":0},"end":{"line":11,"column":26}},"3":{"start":{"line":12,"column":0},"end":{"line":12,"column":25}},"4":{"start":{"line":13,"column":0},"end":{"line":13,"column":52}},"5":{"start":{"line":15,"column":0},"end":{"line":17,"column":2}},"6":{"start":{"line":16,"column":4},"end":{"line":16,"column":50}},"7":{"start":{"line":19,"column":0},"end":{"line":28,"column":2}},"8":{"start":{"line":20,"column":4},"end":{"line":20,"column":54}},"9":{"start":{"line":22,"column":4},"end":{"line":22,"column":39}},"10":{"start":{"line":23,"column":4},"end":{"line":23,"column":32}},"11":{"start":{"line":24,"column":4},"end":{"line":24,"column":32}},"12":{"start":{"line":25,"column":4},"end":{"line":25,"column":32}},"13":{"start":{"line":27,"column":4},"end":{"line":27,"column":17}},"14":{"start":{"line":30,"column":0},"end":{"line":37,"column":3}},"15":{"start":{"line":31,"column":4},"end":{"line":31,"column":73}},"16":{"start":{"line":33,"column":4},"end":{"line":33,"column":63}},"17":{"start":{"line":34,"column":4},"end":{"line":34,"column":22}},"18":{"start":{"line":36,"column":4},"end":{"line":36,"column":25}},"19":{"start":{"line":39,"column":0},"end":{"line":48,"column":2}},"20":{"start":{"line":40,"column":4},"end":{"line":40,"column":62}},"21":{"start":{"line":42,"column":4},"end":{"line":47,"column":5}},"22":{"start":{"line":43,"column":8},"end":{"line":43,"column":66}},"23":{"start":{"line":45,"column":8},"end":{"line":45,"column":63}},"24":{"start":{"line":46,"column":8},"end":{"line":46,"column":45}},"25":{"start":{"line":50,"column":0},"end":{"line":56,"column":2}},"26":{"start":{"line":51,"column":4},"end":{"line":51,"column":88}},"27":{"start":{"line":53,"column":4},"end":{"line":55,"column":8}},"28":{"start":{"line":54,"column":8},"end":{"line":54,"column":48}},"29":{"start":{"line":58,"column":0},"end":{"line":62,"column":2}},"30":{"start":{"line":59,"column":4},"end":{"line":59,"column":66}},"31":{"start":{"line":61,"column":4},"end":{"line":61,"column":43}},"32":{"start":{"line":64,"column":0},"end":{"line":67,"column":1}}},"branchMap":{"1":{"line":22,"type":"binary-expr","locations":[{"start":{"line":22,"column":19},"end":{"line":22,"column":33}},{"start":{"line":22,"column":37},"end":{"line":22,"column":38}}]},"2":{"line":42,"type":"if","locations":[{"start":{"line":42,"column":4},"end":{"line":42,"column":4}},{"start":{"line":42,"column":4},"end":{"line":42,"column":4}}]}},"code":["/**"," * Created with JetBrains WebStorm."," * User: smile"," * Date: 13/06/13"," * Time: 16:42"," * To change this template use File | Settings | File Templates."," */","","","var config = require('./Config');","var _ = require('lodash');","var apn = require('apn');","var pushAssociations = require('./PushAssociations')","","var push = function (tokens, payload) {","    apnSender().pushNotification(payload, tokens);","};","","var buildPayload = function (options) {","    var notif = new apn.Notification(options.payload);","","    notif.expiry = options.expiry || 0;","    notif.alert = options.alert;","    notif.badge = options.badge;","    notif.sound = options.sound;","","    return notif;","};","","var apnSender = _.once(function () {","    var apnConnection = new apn.Connection(config.get('apn').connection);","","    apnConnection.on('transmissionError', onTransmissionError);","    initAppFeedback();","","    return apnConnection;","});","","var onTransmissionError = function (errorCode, notification, recipient) {","    console.error('Error while pushing to APN: ' + errorCode);","    // Invalid token => remove device","    if (errorCode === 8) {","        var token = recipient.token.toString('hex').toUpperCase();","","        console.log('Invalid token: removing device ' + token);","        pushAssociations.removeDevice(token);","    }","};","","var onFeedback = function (deviceInfos) {","    console.log('Feedback service, number of devices to remove: ' + deviceInfos.length);","","    pushAssociations.removeDevices(deviceInfos.map(function (deviceInfo) {","        return deviceInfo.token.toString('hex');","    }));","};","","var initAppFeedback = function () {","    var apnFeedback = new apn.Feedback(config.get('apn').feedback)","","    apnFeedback.on('feedback', onFeedback);","};","","module.exports = {","    push: push,","    buildPayload: buildPayload","}"],"l":{"10":1,"11":1,"12":1,"13":1,"15":1,"16":0,"19":1,"20":0,"22":0,"23":0,"24":0,"25":0,"27":0,"30":1,"31":0,"33":0,"34":0,"36":0,"39":1,"40":0,"42":0,"43":0,"45":0,"46":0,"50":1,"51":0,"53":0,"54":0,"58":1,"59":0,"61":0,"64":1}},"/home/travis/build/npmtest/node-npmtest-node-pushserver/node_modules/node-pushserver/lib/GCMPusher.js":{"path":"/home/travis/build/npmtest/node-npmtest-node-pushserver/node_modules/node-pushserver/lib/GCMPusher.js","s":{"1":1,"2":1,"3":1,"4":1,"5":1,"6":0,"7":0,"8":0,"9":0,"10":0,"11":0,"12":0,"13":1,"14":0,"15":0,"16":0,"17":0,"18":0,"19":0,"20":0,"21":0,"22":0,"23":0,"24":1,"25":0,"26":1,"27":0,"28":1},"b":{"1":[0,0],"2":[0,0],"3":[0,0],"4":[0,0],"5":[0,0],"6":[0,0],"7":[0,0]},"f":{"1":0,"2":0,"3":0,"4":0,"5":0,"6":0,"7":0},"fnMap":{"1":{"name":"(anonymous_1)","line":15,"loc":{"start":{"line":15,"column":11},"end":{"line":15,"column":38}}},"2":{"name":"(anonymous_2)","line":16,"loc":{"start":{"line":16,"column":41},"end":{"line":16,"column":61}}},"3":{"name":"(anonymous_3)","line":20,"loc":{"start":{"line":20,"column":66},"end":{"line":20,"column":81}}},"4":{"name":"(anonymous_4)","line":29,"loc":{"start":{"line":29,"column":20},"end":{"line":29,"column":39}}},"5":{"name":"(anonymous_5)","line":33,"loc":{"start":{"line":33,"column":20},"end":{"line":33,"column":38}}},"6":{"name":"(anonymous_6)","line":46,"loc":{"start":{"line":46,"column":19},"end":{"line":46,"column":38}}},"7":{"name":"(anonymous_7)","line":50,"loc":{"start":{"line":50,"column":23},"end":{"line":50,"column":34}}}},"statementMap":{"1":{"start":{"line":9,"column":0},"end":{"line":9,"column":32}},"2":{"start":{"line":10,"column":0},"end":{"line":10,"column":26}},"3":{"start":{"line":11,"column":0},"end":{"line":11,"column":30}},"4":{"start":{"line":12,"column":0},"end":{"line":12,"column":53}},"5":{"start":{"line":15,"column":0},"end":{"line":27,"column":2}},"6":{"start":{"line":16,"column":4},"end":{"line":26,"column":6}},"7":{"start":{"line":17,"column":8},"end":{"line":17,"column":33}},"8":{"start":{"line":17,"column":16},"end":{"line":17,"column":33}},"9":{"start":{"line":19,"column":8},"end":{"line":25,"column":9}},"10":{"start":{"line":20,"column":12},"end":{"line":22,"column":15}},"11":{"start":{"line":21,"column":16},"end":{"line":21,"column":56}},"12":{"start":{"line":24,"column":12},"end":{"line":24,"column":41}},"13":{"start":{"line":29,"column":0},"end":{"line":44,"column":2}},"14":{"start":{"line":30,"column":4},"end":{"line":31,"column":25}},"15":{"start":{"line":33,"column":4},"end":{"line":40,"column":7}},"16":{"start":{"line":34,"column":8},"end":{"line":39,"column":9}},"17":{"start":{"line":35,"column":12},"end":{"line":35,"column":79}},"18":{"start":{"line":37,"column":15},"end":{"line":39,"column":9}},"19":{"start":{"line":38,"column":12},"end":{"line":38,"column":43}},"20":{"start":{"line":42,"column":4},"end":{"line":42,"column":75}},"21":{"start":{"line":42,"column":32},"end":{"line":42,"column":75}},"22":{"start":{"line":43,"column":4},"end":{"line":43,"column":76}},"23":{"start":{"line":43,"column":32},"end":{"line":43,"column":76}},"24":{"start":{"line":46,"column":0},"end":{"line":48,"column":2}},"25":{"start":{"line":47,"column":4},"end":{"line":47,"column":36}},"26":{"start":{"line":50,"column":0},"end":{"line":52,"column":3}},"27":{"start":{"line":51,"column":4},"end":{"line":51,"column":52}},"28":{"start":{"line":54,"column":0},"end":{"line":57,"column":1}}},"branchMap":{"1":{"line":17,"type":"if","locations":[{"start":{"line":17,"column":8},"end":{"line":17,"column":8}},{"start":{"line":17,"column":8},"end":{"line":17,"column":8}}]},"2":{"line":19,"type":"if","locations":[{"start":{"line":19,"column":8},"end":{"line":19,"column":8}},{"start":{"line":19,"column":8},"end":{"line":19,"column":8}}]},"3":{"line":34,"type":"if","locations":[{"start":{"line":34,"column":8},"end":{"line":34,"column":8}},{"start":{"line":34,"column":8},"end":{"line":34,"column":8}}]},"4":{"line":37,"type":"if","locations":[{"start":{"line":37,"column":15},"end":{"line":37,"column":15}},{"start":{"line":37,"column":15},"end":{"line":37,"column":15}}]},"5":{"line":37,"type":"binary-expr","locations":[{"start":{"line":37,"column":19},"end":{"line":37,"column":57}},{"start":{"line":37,"column":61},"end":{"line":37,"column":93}}]},"6":{"line":42,"type":"if","locations":[{"start":{"line":42,"column":4},"end":{"line":42,"column":4}},{"start":{"line":42,"column":4},"end":{"line":42,"column":4}}]},"7":{"line":43,"type":"if","locations":[{"start":{"line":43,"column":4},"end":{"line":43,"column":4}},{"start":{"line":43,"column":4},"end":{"line":43,"column":4}}]}},"code":["/**"," * Created with JetBrains WebStorm."," * User: smile"," * Date: 13/06/13"," * Time: 16:42"," * To change this template use File | Settings | File Templates."," */","","var config = require('./Config')","var _ = require('lodash');","var gcm = require('node-gcm');","var pushAssociations = require('./PushAssociations');","","","var push = function (tokens, message) {","    gcmSender().send(message, tokens, 4, function (err, res) {","        if(err) console.log(err);","","        if (res) {","            var mappedResults = _.map(_.zip(tokens, res.results), function (arr) {","                return _.merge({token: arr[0]}, arr[1]);","            });","","            handleResults(mappedResults);","        }","    })","};","","var handleResults = function (results) {","    var idsToUpdate = [],","        idsToDelete = [];","","    results.forEach(function (result) {","        if (!!result.registration_id) {","            idsToUpdate.push({from: result.token, to: result.registration_id});","","        } else if (result.error === 'InvalidRegistration' || result.error === 'NotRegistered') {","            idsToDelete.push(result.token);","        }","    });","","    if (idsToUpdate.length > 0) pushAssociations.updateTokens(idsToUpdate);","    if (idsToDelete.length > 0) pushAssociations.removeDevices(idsToDelete);","};","","var buildPayload = function (options) {","    return new gcm.Message(options);","};","","var gcmSender = _.once(function() {","    return new gcm.Sender(config.get('gcm').apiKey);","});","","module.exports = {","    push: push,","    buildPayload:buildPayload","}",""],"l":{"9":1,"10":1,"11":1,"12":1,"15":1,"16":0,"17":0,"19":0,"20":0,"21":0,"24":0,"29":1,"30":0,"33":0,"34":0,"35":0,"37":0,"38":0,"42":0,"43":0,"46":1,"47":0,"50":1,"51":0,"54":1}},"/home/travis/build/npmtest/node-npmtest-node-pushserver/node_modules/node-pushserver/lib/Web.js":{"path":"/home/travis/build/npmtest/node-npmtest-node-pushserver/node_modules/node-pushserver/lib/Web.js","s":{"1":1,"2":1,"3":1,"4":1,"5":1,"6":1,"7":1,"8":1,"9":1,"10":1,"11":0,"12":0,"13":1,"14":0,"15":0,"16":0,"17":1,"18":0,"19":0,"20":0,"21":1,"22":0,"23":0,"24":0,"25":0,"26":0,"27":0,"28":0,"29":1,"30":0,"31":0,"32":0,"33":1,"34":0,"35":0,"36":0,"37":1,"38":0,"39":0,"40":0,"41":0,"42":1,"43":0,"44":0,"45":0,"46":0,"47":0,"48":1,"49":0,"50":0,"51":1,"52":0,"53":0,"54":0,"55":0,"56":0,"57":0,"58":0,"59":0,"60":0,"61":0,"62":0,"63":0,"64":0,"65":0,"66":0,"67":0,"68":0,"69":0,"70":0,"71":1,"72":0,"73":0,"74":0,"75":1,"76":0,"77":0},"b":{"1":[0,0],"2":[0,0],"3":[0,0],"4":[0,0],"5":[0,0],"6":[0,0],"7":[0,0],"8":[0,0],"9":[0,0],"10":[0,0],"11":[0,0],"12":[0,0],"13":[0,0],"14":[0,0],"15":[0,0],"16":[0,0],"17":[0,0,0]},"f":{"1":0,"2":0,"3":0,"4":0,"5":0,"6":0,"7":0,"8":0,"9":0,"10":0,"11":0,"12":0,"13":0,"14":0,"15":0,"16":0},"fnMap":{"1":{"name":"(anonymous_1)","line":15,"loc":{"start":{"line":15,"column":8},"end":{"line":15,"column":38}}},"2":{"name":"(anonymous_2)","line":20,"loc":{"start":{"line":20,"column":15},"end":{"line":20,"column":41}}},"3":{"name":"(anonymous_3)","line":29,"loc":{"start":{"line":29,"column":23},"end":{"line":29,"column":43}}},"4":{"name":"(anonymous_4)","line":36,"loc":{"start":{"line":36,"column":25},"end":{"line":36,"column":45}}},"5":{"name":"(anonymous_5)","line":50,"loc":{"start":{"line":50,"column":18},"end":{"line":50,"column":38}}},"6":{"name":"(anonymous_6)","line":58,"loc":{"start":{"line":58,"column":23},"end":{"line":58,"column":43}}},"7":{"name":"(anonymous_7)","line":67,"loc":{"start":{"line":67,"column":37},"end":{"line":67,"column":57}}},"8":{"name":"(anonymous_8)","line":68,"loc":{"start":{"line":68,"column":49},"end":{"line":68,"column":71}}},"9":{"name":"(anonymous_9)","line":77,"loc":{"start":{"line":77,"column":18},"end":{"line":77,"column":38}}},"10":{"name":"(anonymous_10)","line":78,"loc":{"start":{"line":78,"column":28},"end":{"line":78,"column":52}}},"11":{"name":"(anonymous_11)","line":90,"loc":{"start":{"line":90,"column":27},"end":{"line":90,"column":47}}},"12":{"name":"sendNotifications","line":97,"loc":{"start":{"line":97,"column":0},"end":{"line":97,"column":35}}},"13":{"name":"(anonymous_13)","line":102,"loc":{"start":{"line":102,"column":19},"end":{"line":102,"column":36}}},"14":{"name":"(anonymous_14)","line":117,"loc":{"start":{"line":117,"column":23},"end":{"line":117,"column":56}}},"15":{"name":"validateNotification","line":136,"loc":{"start":{"line":136,"column":0},"end":{"line":136,"column":37}}},"16":{"name":"(anonymous_16)","line":145,"loc":{"start":{"line":145,"column":16},"end":{"line":145,"column":28}}}},"statementMap":{"1":{"start":{"line":1,"column":0},"end":{"line":1,"column":33}},"2":{"start":{"line":2,"column":0},"end":{"line":2,"column":33}},"3":{"start":{"line":3,"column":0},"end":{"line":3,"column":26}},"4":{"start":{"line":4,"column":0},"end":{"line":4,"column":53}},"5":{"start":{"line":5,"column":0},"end":{"line":5,"column":39}},"6":{"start":{"line":7,"column":0},"end":{"line":7,"column":20}},"7":{"start":{"line":10,"column":0},"end":{"line":10,"column":28}},"8":{"start":{"line":11,"column":0},"end":{"line":11,"column":30}},"9":{"start":{"line":13,"column":0},"end":{"line":13,"column":50}},"10":{"start":{"line":15,"column":0},"end":{"line":18,"column":3}},"11":{"start":{"line":16,"column":4},"end":{"line":16,"column":20}},"12":{"start":{"line":17,"column":4},"end":{"line":17,"column":40}},"13":{"start":{"line":20,"column":0},"end":{"line":26,"column":3}},"14":{"start":{"line":21,"column":4},"end":{"line":25,"column":5}},"15":{"start":{"line":22,"column":8},"end":{"line":22,"column":15}},"16":{"start":{"line":24,"column":8},"end":{"line":24,"column":31}},"17":{"start":{"line":29,"column":0},"end":{"line":34,"column":3}},"18":{"start":{"line":30,"column":4},"end":{"line":30,"column":30}},"19":{"start":{"line":31,"column":4},"end":{"line":31,"column":31}},"20":{"start":{"line":33,"column":4},"end":{"line":33,"column":15}},"21":{"start":{"line":36,"column":0},"end":{"line":48,"column":3}},"22":{"start":{"line":37,"column":4},"end":{"line":37,"column":24}},"23":{"start":{"line":39,"column":4},"end":{"line":45,"column":5}},"24":{"start":{"line":40,"column":8},"end":{"line":40,"column":40}},"25":{"start":{"line":41,"column":11},"end":{"line":45,"column":5}},"26":{"start":{"line":42,"column":8},"end":{"line":42,"column":43}},"27":{"start":{"line":44,"column":8},"end":{"line":44,"column":38}},"28":{"start":{"line":47,"column":4},"end":{"line":47,"column":15}},"29":{"start":{"line":50,"column":0},"end":{"line":56,"column":3}},"30":{"start":{"line":51,"column":4},"end":{"line":51,"column":28}},"31":{"start":{"line":53,"column":4},"end":{"line":53,"column":55}},"32":{"start":{"line":55,"column":4},"end":{"line":55,"column":54}},"33":{"start":{"line":58,"column":0},"end":{"line":64,"column":3}},"34":{"start":{"line":59,"column":4},"end":{"line":59,"column":40}},"35":{"start":{"line":61,"column":4},"end":{"line":61,"column":55}},"36":{"start":{"line":63,"column":4},"end":{"line":63,"column":54}},"37":{"start":{"line":67,"column":0},"end":{"line":75,"column":3}},"38":{"start":{"line":68,"column":4},"end":{"line":74,"column":7}},"39":{"start":{"line":69,"column":8},"end":{"line":73,"column":9}},"40":{"start":{"line":70,"column":12},"end":{"line":70,"column":46}},"41":{"start":{"line":72,"column":12},"end":{"line":72,"column":35}},"42":{"start":{"line":77,"column":0},"end":{"line":88,"column":3}},"43":{"start":{"line":78,"column":4},"end":{"line":87,"column":7}},"44":{"start":{"line":79,"column":8},"end":{"line":86,"column":9}},"45":{"start":{"line":80,"column":12},"end":{"line":80,"column":64}},"46":{"start":{"line":81,"column":12},"end":{"line":83,"column":15}},"47":{"start":{"line":85,"column":12},"end":{"line":85,"column":34}},"48":{"start":{"line":90,"column":0},"end":{"line":93,"column":3}},"49":{"start":{"line":91,"column":4},"end":{"line":91,"column":52}},"50":{"start":{"line":92,"column":4},"end":{"line":92,"column":19}},"51":{"start":{"line":97,"column":0},"end":{"line":134,"column":1}},"52":{"start":{"line":98,"column":4},"end":{"line":98,"column":82}},"53":{"start":{"line":100,"column":4},"end":{"line":100,"column":45}},"54":{"start":{"line":100,"column":32},"end":{"line":100,"column":45}},"55":{"start":{"line":102,"column":4},"end":{"line":131,"column":7}},"56":{"start":{"line":103,"column":8},"end":{"line":106,"column":19}},"57":{"start":{"line":108,"column":8},"end":{"line":114,"column":9}},"58":{"start":{"line":109,"column":12},"end":{"line":109,"column":26}},"59":{"start":{"line":110,"column":15},"end":{"line":114,"column":9}},"60":{"start":{"line":111,"column":12},"end":{"line":111,"column":26}},"61":{"start":{"line":112,"column":15},"end":{"line":114,"column":9}},"62":{"start":{"line":113,"column":12},"end":{"line":113,"column":31}},"63":{"start":{"line":116,"column":8},"end":{"line":127,"column":58}},"64":{"start":{"line":118,"column":16},"end":{"line":118,"column":32}},"65":{"start":{"line":118,"column":25},"end":{"line":118,"column":32}},"66":{"start":{"line":120,"column":16},"end":{"line":123,"column":17}},"67":{"start":{"line":122,"column":20},"end":{"line":122,"column":83}},"68":{"start":{"line":125,"column":16},"end":{"line":125,"column":72}},"69":{"start":{"line":130,"column":8},"end":{"line":130,"column":37}},"70":{"start":{"line":133,"column":4},"end":{"line":133,"column":16}},"71":{"start":{"line":136,"column":0},"end":{"line":143,"column":1}},"72":{"start":{"line":137,"column":4},"end":{"line":137,"column":21}},"73":{"start":{"line":139,"column":4},"end":{"line":139,"column":54}},"74":{"start":{"line":142,"column":4},"end":{"line":142,"column":17}},"75":{"start":{"line":145,"column":0},"end":{"line":148,"column":2}},"76":{"start":{"line":146,"column":4},"end":{"line":146,"column":38}},"77":{"start":{"line":147,"column":4},"end":{"line":147,"column":70}}},"branchMap":{"1":{"line":21,"type":"if","locations":[{"start":{"line":21,"column":4},"end":{"line":21,"column":4}},{"start":{"line":21,"column":4},"end":{"line":21,"column":4}}]},"2":{"line":39,"type":"if","locations":[{"start":{"line":39,"column":4},"end":{"line":39,"column":4}},{"start":{"line":39,"column":4},"end":{"line":39,"column":4}}]},"3":{"line":41,"type":"if","locations":[{"start":{"line":41,"column":11},"end":{"line":41,"column":11}},{"start":{"line":41,"column":11},"end":{"line":41,"column":11}}]},"4":{"line":55,"type":"cond-expr","locations":[{"start":{"line":55,"column":36},"end":{"line":55,"column":39}},{"start":{"line":55,"column":42},"end":{"line":55,"column":45}}]},"5":{"line":63,"type":"cond-expr","locations":[{"start":{"line":63,"column":36},"end":{"line":63,"column":39}},{"start":{"line":63,"column":42},"end":{"line":63,"column":45}}]},"6":{"line":69,"type":"if","locations":[{"start":{"line":69,"column":8},"end":{"line":69,"column":8}},{"start":{"line":69,"column":8},"end":{"line":69,"column":8}}]},"7":{"line":79,"type":"if","locations":[{"start":{"line":79,"column":8},"end":{"line":79,"column":8}},{"start":{"line":79,"column":8},"end":{"line":79,"column":8}}]},"8":{"line":100,"type":"if","locations":[{"start":{"line":100,"column":4},"end":{"line":100,"column":4}},{"start":{"line":100,"column":4},"end":{"line":100,"column":4}}]},"9":{"line":108,"type":"if","locations":[{"start":{"line":108,"column":8},"end":{"line":108,"column":8}},{"start":{"line":108,"column":8},"end":{"line":108,"column":8}}]},"10":{"line":108,"type":"binary-expr","locations":[{"start":{"line":108,"column":12},"end":{"line":108,"column":26}},{"start":{"line":108,"column":30},"end":{"line":108,"column":40}}]},"11":{"line":110,"type":"if","locations":[{"start":{"line":110,"column":15},"end":{"line":110,"column":15}},{"start":{"line":110,"column":15},"end":{"line":110,"column":15}}]},"12":{"line":112,"type":"if","locations":[{"start":{"line":112,"column":15},"end":{"line":112,"column":15}},{"start":{"line":112,"column":15},"end":{"line":112,"column":15}}]},"13":{"line":116,"type":"cond-expr","locations":[{"start":{"line":116,"column":33},"end":{"line":116,"column":61}},{"start":{"line":116,"column":64},"end":{"line":116,"column":87}}]},"14":{"line":118,"type":"if","locations":[{"start":{"line":118,"column":16},"end":{"line":118,"column":16}},{"start":{"line":118,"column":16},"end":{"line":118,"column":16}}]},"15":{"line":120,"type":"if","locations":[{"start":{"line":120,"column":16},"end":{"line":120,"column":16}},{"start":{"line":120,"column":16},"end":{"line":120,"column":16}}]},"16":{"line":127,"type":"cond-expr","locations":[{"start":{"line":127,"column":27},"end":{"line":127,"column":44}},{"start":{"line":127,"column":47},"end":{"line":127,"column":57}}]},"17":{"line":139,"type":"binary-expr","locations":[{"start":{"line":139,"column":12},"end":{"line":139,"column":17}},{"start":{"line":139,"column":22},"end":{"line":139,"column":33}},{"start":{"line":139,"column":37},"end":{"line":139,"column":52}}]}},"code":["var config = require('./Config');","var express = require('express');","var _ = require('lodash');","var pushAssociations = require('./PushAssociations');","var push = require('./PushController');","","var app = express();","","// Middleware","app.use(express.compress());","app.use(express.bodyParser());","","app.use(express.static(__dirname + '/../public'));","","app.use(function(err, req, res, next) {","    res.status(500);","    res.render('error', { error: err });","});","","app.post('/*', function (req, res, next) {","    if (req.is('application/json')) {","        next();","    } else {","        res.status(406).send();","    }","});","","// Main API","app.post('/subscribe', function (req, res) {","    var deviceInfo = req.body;","    push.subscribe(deviceInfo);","","    res.send();","});","","app.post('/unsubscribe', function (req, res) {","    var data = req.body;","","    if (data.user) {","        push.unsubscribeUser(data.user);","    } else if (data.token) {","        push.unsubscribeDevice(data.token);","    } else {","        return res.status(503).send();","    }","","    res.send();","});","","app.post('/send', function (req, res) {","    var notifs = [req.body];","","    var notificationsValid = sendNotifications(notifs);","","    res.status(notificationsValid ? 200 : 400).send();","});","","app.post('/sendBatch', function (req, res) {","    var notifs = req.body.notifications;","","    var notificationsValid = sendNotifications(notifs);","","    res.status(notificationsValid ? 200 : 400).send();","});","","// Utils API","app.get('/users/:user/associations', function (req, res) {","    pushAssociations.getForUser(req.params.user, function (err, items) {","        if (!err) {","            res.send({\"associations\": items});","        } else {","            res.status(503).send();","        }","    });","});","","app.get('/users', function (req, res) {","    pushAssociations.getAll(function (err, pushAss) {","        if (!err) {","            var users = _(pushAss).map('user').unique().value();","            res.send({","                \"users\": users","            });","        } else {","            res.status(503).send()","        }","    });","});","","app.delete('/users/:user', function (req, res) {","    pushController.unsubscribeUser(req.params.user);","    res.send('ok');","});","","","// Helpers","function sendNotifications(notifs) {","    var areNotificationsValid = _(notifs).map(validateNotification).min().value();","","    if (!areNotificationsValid) return false;","","    notifs.forEach(function (notif) {","        var users = notif.users,","            androidPayload = notif.android,","            iosPayload = notif.ios,","            target;","","        if (androidPayload && iosPayload) {","            target = 'all'","        } else if (iosPayload) {","            target = 'ios'","        } else if (androidPayload) {","            target = 'android';","        }","","        var fetchUsers = users ? pushAssociations.getForUsers : pushAssociations.getAll,","            callback = function (err, pushAssociations) {","                if (err) return;","","                if (target !== 'all') {","                    // TODO: do it in mongo instead of here ...","                    pushAssociations = _.where(pushAssociations, {'type': target});","                }","","                push.send(pushAssociations, androidPayload, iosPayload);","            },","            args = users ? [users, callback] : [callback];","","        // TODO: optim. -> mutualise user fetching ?","        fetchUsers.apply(null, args);","    });","","    return true;","}","","function validateNotification(notif) {","    var valid = true;","","    valid = valid && (!!notif.ios || !!notif.android);","    // TODO: validate content","","    return valid;","}","","exports.start = function () {","    app.listen(config.get('webPort'));","    console.log('Listening on port ' + config.get('webPort') + \"...\");","};",""],"l":{"1":1,"2":1,"3":1,"4":1,"5":1,"7":1,"10":1,"11":1,"13":1,"15":1,"16":0,"17":0,"20":1,"21":0,"22":0,"24":0,"29":1,"30":0,"31":0,"33":0,"36":1,"37":0,"39":0,"40":0,"41":0,"42":0,"44":0,"47":0,"50":1,"51":0,"53":0,"55":0,"58":1,"59":0,"61":0,"63":0,"67":1,"68":0,"69":0,"70":0,"72":0,"77":1,"78":0,"79":0,"80":0,"81":0,"85":0,"90":1,"91":0,"92":0,"97":1,"98":0,"100":0,"102":0,"103":0,"108":0,"109":0,"110":0,"111":0,"112":0,"113":0,"116":0,"118":0,"120":0,"122":0,"125":0,"130":0,"133":0,"136":1,"137":0,"139":0,"142":0,"145":1,"146":0,"147":0}}}